{"C:\\Users\\Eduar\\Documents\\Edu\\Project\\ExampleHR-time-off-microservice\\src\\app.controller.ts": {"path":"C:\\Users\\Eduar\\Documents\\Edu\\Project\\ExampleHR-time-off-microservice\\src\\app.controller.ts","statementMap":{"0":{"start":{"line":1,"column":0},"end":{"line":1,"column":49}},"1":{"start":{"line":3,"column":7},"end":{"line":11,"column":null}},"2":{"start":{"line":6,"column":4},"end":{"line":9,"column":6}},"3":{"start":{"line":3,"column":13},"end":{"line":3,"column":26}},"4":{"start":{"line":5,"column":2},"end":{"line":10,"column":null}},"5":{"start":{"line":3,"column":13},"end":{"line":11,"column":null}}},"fnMap":{"0":{"name":"(anonymous_2)","decl":{"start":{"line":5,"column":2},"end":{"line":5,"column":8}},"loc":{"start":{"line":5,"column":8},"end":{"line":10,"column":3}}}},"branchMap":{},"s":{"0":1,"1":1,"2":1,"3":1,"4":1,"5":1},"f":{"0":1},"b":{}}
,"C:\\Users\\Eduar\\Documents\\Edu\\Project\\ExampleHR-time-off-microservice\\src\\audit\\audit.controller.ts": {"path":"C:\\Users\\Eduar\\Documents\\Edu\\Project\\ExampleHR-time-off-microservice\\src\\audit\\audit.controller.ts","statementMap":{"0":{"start":{"line":1,"column":0},"end":{"line":1,"column":56}},"1":{"start":{"line":2,"column":0},"end":{"line":2,"column":47}},"2":{"start":{"line":5,"column":7},"end":{"line":18,"column":null}},"3":{"start":{"line":6,"column":31},"end":{"line":6,"column":45}},"4":{"start":{"line":14,"column":21},"end":{"line":14,"column":54}},"5":{"start":{"line":15,"column":19},"end":{"line":15,"column":48}},"6":{"start":{"line":16,"column":4},"end":{"line":16,"column":67}},"7":{"start":{"line":5,"column":13},"end":{"line":5,"column":28}},"8":{"start":{"line":9,"column":2},"end":{"line":17,"column":null}},"9":{"start":{"line":5,"column":13},"end":{"line":18,"column":null}}},"fnMap":{"0":{"name":"(anonymous_4)","decl":{"start":{"line":6,"column":2},"end":{"line":6,"column":31}},"loc":{"start":{"line":6,"column":57},"end":{"line":6,"column":61}}},"1":{"name":"(anonymous_5)","decl":{"start":{"line":9,"column":2},"end":{"line":9,"column":9}},"loc":{"start":{"line":12,"column":28},"end":{"line":17,"column":3}}}},"branchMap":{"0":{"loc":{"start":{"line":14,"column":21},"end":{"line":14,"column":54}},"type":"cond-expr","locations":[{"start":{"line":14,"column":28},"end":{"line":14,"column":42}},{"start":{"line":14,"column":45},"end":{"line":14,"column":54}}]},"1":{"loc":{"start":{"line":15,"column":19},"end":{"line":15,"column":48}},"type":"cond-expr","locations":[{"start":{"line":15,"column":24},"end":{"line":15,"column":36}},{"start":{"line":15,"column":39},"end":{"line":15,"column":48}}]},"2":{"loc":{"start":{"line":6,"column":45},"end":{"line":6,"column":60}},"type":"cond-expr","locations":[{"start":{"line":6,"column":57},"end":{"line":6,"column":60}},{"start":{"line":6,"column":57},"end":{"line":6,"column":60}}]},"3":{"loc":{"start":{"line":6,"column":45},"end":{"line":6,"column":57}},"type":"binary-expr","locations":[{"start":{"line":6,"column":45},"end":{"line":6,"column":60}},{"start":{"line":6,"column":45},"end":{"line":6,"column":57}}]}},"s":{"0":1,"1":1,"2":1,"3":1,"4":3,"5":3,"6":3,"7":1,"8":1,"9":1},"f":{"0":1,"1":3},"b":{"0":[1,2],"1":[1,2],"2":[1,0],"3":[1,1]}}
,"C:\\Users\\Eduar\\Documents\\Edu\\Project\\ExampleHR-time-off-microservice\\src\\audit\\audit.entity.ts": {"path":"C:\\Users\\Eduar\\Documents\\Edu\\Project\\ExampleHR-time-off-microservice\\src\\audit\\audit.entity.ts","statementMap":{"0":{"start":{"line":1,"column":0},"end":{"line":1,"column":83}},"1":{"start":{"line":3,"column":0},"end":{"line":3,"column":null}},"2":{"start":{"line":4,"column":2},"end":{"line":4,"column":null}},"3":{"start":{"line":5,"column":2},"end":{"line":5,"column":null}},"4":{"start":{"line":6,"column":2},"end":{"line":6,"column":null}},"5":{"start":{"line":7,"column":2},"end":{"line":7,"column":null}},"6":{"start":{"line":10,"column":0},"end":{"line":10,"column":null}},"7":{"start":{"line":11,"column":2},"end":{"line":11,"column":null}},"8":{"start":{"line":12,"column":2},"end":{"line":12,"column":null}},"9":{"start":{"line":16,"column":7},"end":{"line":40,"column":null}},"10":{"start":{"line":16,"column":13},"end":{"line":16,"column":25}},"11":{"start":{"line":18,"column":2},"end":{"line":18,"column":null}},"12":{"start":{"line":21,"column":2},"end":{"line":21,"column":null}},"13":{"start":{"line":24,"column":2},"end":{"line":24,"column":null}},"14":{"start":{"line":27,"column":2},"end":{"line":27,"column":null}},"15":{"start":{"line":30,"column":2},"end":{"line":30,"column":null}},"16":{"start":{"line":33,"column":2},"end":{"line":33,"column":null}},"17":{"start":{"line":36,"column":2},"end":{"line":36,"column":null}},"18":{"start":{"line":39,"column":2},"end":{"line":39,"column":null}},"19":{"start":{"line":16,"column":13},"end":{"line":40,"column":null}}},"fnMap":{"0":{"name":"(anonymous_2)","decl":{"start":{"line":3,"column":0},"end":{"line":3,"column":12}},"loc":{"start":{"line":3,"column":26},"end":{"line":8,"column":1}}},"1":{"name":"(anonymous_3)","decl":{"start":{"line":10,"column":0},"end":{"line":10,"column":12}},"loc":{"start":{"line":10,"column":23},"end":{"line":13,"column":1}}}},"branchMap":{"0":{"loc":{"start":{"line":3,"column":12},"end":{"line":3,"column":null}},"type":"binary-expr","locations":[{"start":{"line":3,"column":12},"end":{"line":3,"column":26}},{"start":{"line":3,"column":26},"end":{"line":3,"column":null}}]},"1":{"loc":{"start":{"line":10,"column":12},"end":{"line":10,"column":null}},"type":"binary-expr","locations":[{"start":{"line":10,"column":12},"end":{"line":10,"column":23}},{"start":{"line":10,"column":23},"end":{"line":10,"column":null}}]},"2":{"loc":{"start":{"line":39,"column":14},"end":{"line":39,"column":19}},"type":"cond-expr","locations":[{"start":{"line":39,"column":18},"end":{"line":39,"column":19}},{"start":{"line":39,"column":18},"end":{"line":39,"column":19}}]},"3":{"loc":{"start":{"line":39,"column":14},"end":{"line":39,"column":18}},"type":"binary-expr","locations":[{"start":{"line":39,"column":14},"end":{"line":39,"column":19}},{"start":{"line":39,"column":14},"end":{"line":39,"column":18}}]}},"s":{"0":3,"1":3,"2":3,"3":3,"4":3,"5":3,"6":3,"7":3,"8":3,"9":3,"10":3,"11":3,"12":3,"13":3,"14":3,"15":3,"16":3,"17":3,"18":3,"19":3},"f":{"0":3,"1":3},"b":{"0":[3,3],"1":[3,3],"2":[3,0],"3":[3,3]}}
,"C:\\Users\\Eduar\\Documents\\Edu\\Project\\ExampleHR-time-off-microservice\\src\\audit\\audit.service.ts": {"path":"C:\\Users\\Eduar\\Documents\\Edu\\Project\\ExampleHR-time-off-microservice\\src\\audit\\audit.service.ts","statementMap":{"0":{"start":{"line":1,"column":0},"end":{"line":1,"column":44}},"1":{"start":{"line":2,"column":0},"end":{"line":2,"column":51}},"2":{"start":{"line":3,"column":0},"end":{"line":3,"column":37}},"3":{"start":{"line":4,"column":0},"end":{"line":4,"column":75}},"4":{"start":{"line":16,"column":7},"end":{"line":49,"column":null}},"5":{"start":{"line":19,"column":21},"end":{"line":19,"column":38}},"6":{"start":{"line":23,"column":18},"end":{"line":30,"column":6}},"7":{"start":{"line":31,"column":4},"end":{"line":31,"column":43}},"8":{"start":{"line":35,"column":18},"end":{"line":35,"column":64}},"9":{"start":{"line":37,"column":4},"end":{"line":39,"column":5}},"10":{"start":{"line":38,"column":6},"end":{"line":38,"column":69}},"11":{"start":{"line":40,"column":4},"end":{"line":42,"column":5}},"12":{"start":{"line":41,"column":6},"end":{"line":41,"column":57}},"13":{"start":{"line":43,"column":4},"end":{"line":45,"column":5}},"14":{"start":{"line":44,"column":6},"end":{"line":44,"column":53}},"15":{"start":{"line":47,"column":4},"end":{"line":47,"column":60}},"16":{"start":{"line":16,"column":13},"end":{"line":16,"column":25}},"17":{"start":{"line":16,"column":13},"end":{"line":49,"column":null}}},"fnMap":{"0":{"name":"(anonymous_4)","decl":{"start":{"line":17,"column":2},"end":{"line":17,"column":null}},"loc":{"start":{"line":19,"column":62},"end":{"line":20,"column":6}}},"1":{"name":"(anonymous_5)","decl":{"start":{"line":22,"column":2},"end":{"line":22,"column":7}},"loc":{"start":{"line":22,"column":40},"end":{"line":32,"column":3}}},"2":{"name":"(anonymous_6)","decl":{"start":{"line":34,"column":2},"end":{"line":34,"column":7}},"loc":{"start":{"line":34,"column":59},"end":{"line":48,"column":3}}}},"branchMap":{"0":{"loc":{"start":{"line":28,"column":15},"end":{"line":28,"column":74}},"type":"cond-expr","locations":[{"start":{"line":28,"column":32},"end":{"line":28,"column":62}},{"start":{"line":28,"column":65},"end":{"line":28,"column":74}}]},"1":{"loc":{"start":{"line":37,"column":4},"end":{"line":39,"column":5}},"type":"if","locations":[{"start":{"line":37,"column":4},"end":{"line":39,"column":5}},{"start":{},"end":{}}]},"2":{"loc":{"start":{"line":40,"column":4},"end":{"line":42,"column":5}},"type":"if","locations":[{"start":{"line":40,"column":4},"end":{"line":42,"column":5}},{"start":{},"end":{}}]},"3":{"loc":{"start":{"line":43,"column":4},"end":{"line":45,"column":5}},"type":"if","locations":[{"start":{"line":43,"column":4},"end":{"line":45,"column":5}},{"start":{},"end":{}}]},"4":{"loc":{"start":{"line":19,"column":38},"end":{"line":19,"column":62}},"type":"cond-expr","locations":[{"start":{"line":19,"column":48},"end":{"line":19,"column":62}},{"start":{"line":19,"column":48},"end":{"line":19,"column":62}}]},"5":{"loc":{"start":{"line":19,"column":38},"end":{"line":19,"column":48}},"type":"binary-expr","locations":[{"start":{"line":19,"column":38},"end":{"line":19,"column":62}},{"start":{"line":19,"column":38},"end":{"line":19,"column":48}}]}},"s":{"0":3,"1":3,"2":3,"3":3,"4":3,"5":1,"6":35,"7":35,"8":3,"9":3,"10":2,"11":3,"12":1,"13":3,"14":1,"15":3,"16":3,"17":3},"f":{"0":1,"1":35,"2":3},"b":{"0":[33,2],"1":[2,1],"2":[1,2],"3":[1,2],"4":[3,0],"5":[3,3]}}
,"C:\\Users\\Eduar\\Documents\\Edu\\Project\\ExampleHR-time-off-microservice\\src\\balance\\balance.controller.ts": {"path":"C:\\Users\\Eduar\\Documents\\Edu\\Project\\ExampleHR-time-off-microservice\\src\\balance\\balance.controller.ts","statementMap":{"0":{"start":{"line":1,"column":0},"end":{"line":1,"column":56}},"1":{"start":{"line":2,"column":0},"end":{"line":2,"column":51}},"2":{"start":{"line":5,"column":7},"end":{"line":21,"column":null}},"3":{"start":{"line":6,"column":31},"end":{"line":6,"column":47}},"4":{"start":{"line":10,"column":4},"end":{"line":10,"column":61}},"5":{"start":{"line":19,"column":4},"end":{"line":19,"column":74}},"6":{"start":{"line":5,"column":13},"end":{"line":5,"column":30}},"7":{"start":{"line":9,"column":2},"end":{"line":11,"column":null}},"8":{"start":{"line":14,"column":2},"end":{"line":20,"column":null}},"9":{"start":{"line":5,"column":13},"end":{"line":21,"column":null}}},"fnMap":{"0":{"name":"(anonymous_4)","decl":{"start":{"line":6,"column":2},"end":{"line":6,"column":31}},"loc":{"start":{"line":6,"column":61},"end":{"line":6,"column":65}}},"1":{"name":"(anonymous_5)","decl":{"start":{"line":9,"column":2},"end":{"line":9,"column":9}},"loc":{"start":{"line":9,"column":49},"end":{"line":11,"column":3}}},"2":{"name":"(anonymous_6)","decl":{"start":{"line":14,"column":2},"end":{"line":14,"column":9}},"loc":{"start":{"line":17,"column":41},"end":{"line":20,"column":3}}}},"branchMap":{"0":{"loc":{"start":{"line":6,"column":47},"end":{"line":6,"column":64}},"type":"cond-expr","locations":[{"start":{"line":6,"column":61},"end":{"line":6,"column":64}},{"start":{"line":6,"column":61},"end":{"line":6,"column":64}}]},"1":{"loc":{"start":{"line":6,"column":47},"end":{"line":6,"column":61}},"type":"binary-expr","locations":[{"start":{"line":6,"column":47},"end":{"line":6,"column":64}},{"start":{"line":6,"column":47},"end":{"line":6,"column":61}}]}},"s":{"0":1,"1":1,"2":1,"3":1,"4":0,"5":11,"6":1,"7":1,"8":1,"9":1},"f":{"0":1,"1":0,"2":11},"b":{"0":[1,0],"1":[1,1]}}
,"C:\\Users\\Eduar\\Documents\\Edu\\Project\\ExampleHR-time-off-microservice\\src\\balance\\balance.entity.ts": {"path":"C:\\Users\\Eduar\\Documents\\Edu\\Project\\ExampleHR-time-off-microservice\\src\\balance\\balance.entity.ts","statementMap":{"0":{"start":{"line":1,"column":0},"end":{"line":1,"column":72}},"1":{"start":{"line":5,"column":7},"end":{"line":26,"column":null}},"2":{"start":{"line":5,"column":13},"end":{"line":5,"column":25}},"3":{"start":{"line":7,"column":2},"end":{"line":7,"column":null}},"4":{"start":{"line":10,"column":2},"end":{"line":10,"column":null}},"5":{"start":{"line":13,"column":2},"end":{"line":13,"column":null}},"6":{"start":{"line":16,"column":2},"end":{"line":16,"column":null}},"7":{"start":{"line":19,"column":2},"end":{"line":19,"column":null}},"8":{"start":{"line":22,"column":2},"end":{"line":22,"column":null}},"9":{"start":{"line":25,"column":2},"end":{"line":25,"column":null}},"10":{"start":{"line":5,"column":13},"end":{"line":26,"column":null}}},"fnMap":{},"branchMap":{},"s":{"0":3,"1":3,"2":3,"3":3,"4":3,"5":3,"6":3,"7":3,"8":3,"9":3,"10":3},"f":{},"b":{}}
,"C:\\Users\\Eduar\\Documents\\Edu\\Project\\ExampleHR-time-off-microservice\\src\\balance\\balance.service.ts": {"path":"C:\\Users\\Eduar\\Documents\\Edu\\Project\\ExampleHR-time-off-microservice\\src\\balance\\balance.service.ts","statementMap":{"0":{"start":{"line":1,"column":0},"end":{"line":1,"column":71}},"1":{"start":{"line":2,"column":0},"end":{"line":2,"column":51}},"2":{"start":{"line":3,"column":0},"end":{"line":3,"column":37}},"3":{"start":{"line":4,"column":0},"end":{"line":4,"column":48}},"4":{"start":{"line":5,"column":0},"end":{"line":5,"column":68}},"5":{"start":{"line":6,"column":0},"end":{"line":6,"column":54}},"6":{"start":{"line":7,"column":0},"end":{"line":7,"column":68}},"7":{"start":{"line":10,"column":27},"end":{"line":150,"column":null}},"8":{"start":{"line":11,"column":28},"end":{"line":11,"column":59}},"9":{"start":{"line":15,"column":21},"end":{"line":15,"column":40}},"10":{"start":{"line":16,"column":21},"end":{"line":16,"column":32}},"11":{"start":{"line":17,"column":21},"end":{"line":17,"column":35}},"12":{"start":{"line":21,"column":4},"end":{"line":21,"column":49}},"13":{"start":{"line":22,"column":4},"end":{"line":22,"column":66}},"14":{"start":{"line":26,"column":4},"end":{"line":26,"column":62}},"15":{"start":{"line":27,"column":20},"end":{"line":29,"column":6}},"16":{"start":{"line":30,"column":4},"end":{"line":32,"column":5}},"17":{"start":{"line":31,"column":6},"end":{"line":31,"column":108}},"18":{"start":{"line":33,"column":4},"end":{"line":33,"column":19}},"19":{"start":{"line":37,"column":20},"end":{"line":39,"column":6}},"20":{"start":{"line":41,"column":4},"end":{"line":43,"column":5}},"21":{"start":{"line":42,"column":6},"end":{"line":42,"column":108}},"22":{"start":{"line":45,"column":27},"end":{"line":45,"column":42}},"23":{"start":{"line":46,"column":20},"end":{"line":58,"column":16}},"24":{"start":{"line":50,"column":29},"end":{"line":50,"column":55}},"25":{"start":{"line":51,"column":23},"end":{"line":51,"column":36}},"26":{"start":{"line":60,"column":4},"end":{"line":63,"column":5}},"27":{"start":{"line":61,"column":6},"end":{"line":61,"column":88}},"28":{"start":{"line":62,"column":6},"end":{"line":62,"column":73}},"29":{"start":{"line":65,"column":19},"end":{"line":65,"column":105}},"30":{"start":{"line":66,"column":4},"end":{"line":68,"column":5}},"31":{"start":{"line":67,"column":8},"end":{"line":67,"column":100}},"32":{"start":{"line":69,"column":4},"end":{"line":69,"column":18}},"33":{"start":{"line":73,"column":20},"end":{"line":75,"column":6}},"34":{"start":{"line":77,"column":4},"end":{"line":79,"column":5}},"35":{"start":{"line":78,"column":6},"end":{"line":78,"column":108}},"36":{"start":{"line":81,"column":27},"end":{"line":81,"column":42}},"37":{"start":{"line":82,"column":20},"end":{"line":94,"column":16}},"38":{"start":{"line":86,"column":29},"end":{"line":86,"column":55}},"39":{"start":{"line":87,"column":23},"end":{"line":87,"column":36}},"40":{"start":{"line":96,"column":4},"end":{"line":99,"column":5}},"41":{"start":{"line":97,"column":6},"end":{"line":97,"column":88}},"42":{"start":{"line":98,"column":6},"end":{"line":98,"column":73}},"43":{"start":{"line":101,"column":19},"end":{"line":101,"column":105}},"44":{"start":{"line":102,"column":4},"end":{"line":104,"column":5}},"45":{"start":{"line":103,"column":6},"end":{"line":103,"column":98}},"46":{"start":{"line":105,"column":4},"end":{"line":105,"column":18}},"47":{"start":{"line":109,"column":4},"end":{"line":115,"column":17}},"48":{"start":{"line":119,"column":23},"end":{"line":119,"column":89}},"49":{"start":{"line":121,"column":4},"end":{"line":130,"column":5}},"50":{"start":{"line":122,"column":6},"end":{"line":128,"column":9}},"51":{"start":{"line":129,"column":6},"end":{"line":129,"column":13}},"52":{"start":{"line":132,"column":4},"end":{"line":132,"column":90}},"53":{"start":{"line":133,"column":4},"end":{"line":139,"column":7}},"54":{"start":{"line":143,"column":26},"end":{"line":143,"column":86}},"55":{"start":{"line":144,"column":4},"end":{"line":148,"column":6}},"56":{"start":{"line":146,"column":8},"end":{"line":146,"column":75}},"57":{"start":{"line":10,"column":13},"end":{"line":10,"column":27}},"58":{"start":{"line":10,"column":13},"end":{"line":150,"column":null}}},"fnMap":{"0":{"name":"(anonymous_4)","decl":{"start":{"line":13,"column":2},"end":{"line":13,"column":null}},"loc":{"start":{"line":17,"column":47},"end":{"line":18,"column":6}}},"1":{"name":"(anonymous_5)","decl":{"start":{"line":20,"column":2},"end":{"line":20,"column":7}},"loc":{"start":{"line":20,"column":44},"end":{"line":23,"column":3}}},"2":{"name":"(anonymous_6)","decl":{"start":{"line":25,"column":2},"end":{"line":25,"column":7}},"loc":{"start":{"line":25,"column":73},"end":{"line":34,"column":3}}},"3":{"name":"(anonymous_7)","decl":{"start":{"line":36,"column":2},"end":{"line":36,"column":7}},"loc":{"start":{"line":36,"column":93},"end":{"line":70,"column":3}}},"4":{"name":"(anonymous_8)","decl":{"start":{"line":50,"column":23},"end":{"line":50,"column":26}},"loc":{"start":{"line":50,"column":29},"end":{"line":50,"column":55}}},"5":{"name":"(anonymous_9)","decl":{"start":{"line":51,"column":17},"end":{"line":51,"column":20}},"loc":{"start":{"line":51,"column":23},"end":{"line":51,"column":36}}},"6":{"name":"(anonymous_10)","decl":{"start":{"line":72,"column":2},"end":{"line":72,"column":7}},"loc":{"start":{"line":72,"column":93},"end":{"line":106,"column":3}}},"7":{"name":"(anonymous_11)","decl":{"start":{"line":86,"column":23},"end":{"line":86,"column":26}},"loc":{"start":{"line":86,"column":29},"end":{"line":86,"column":55}}},"8":{"name":"(anonymous_12)","decl":{"start":{"line":87,"column":17},"end":{"line":87,"column":20}},"loc":{"start":{"line":87,"column":23},"end":{"line":87,"column":36}}},"9":{"name":"(anonymous_13)","decl":{"start":{"line":108,"column":2},"end":{"line":108,"column":7}},"loc":{"start":{"line":108,"column":102},"end":{"line":116,"column":3}}},"10":{"name":"(anonymous_14)","decl":{"start":{"line":118,"column":10},"end":{"line":118,"column":15}},"loc":{"start":{"line":118,"column":85},"end":{"line":140,"column":3}}},"11":{"name":"(anonymous_15)","decl":{"start":{"line":142,"column":10},"end":{"line":142,"column":15}},"loc":{"start":{"line":142,"column":56},"end":{"line":149,"column":3}}},"12":{"name":"(anonymous_16)","decl":{"start":{"line":145,"column":24},"end":{"line":145,"column":31}},"loc":{"start":{"line":146,"column":8},"end":{"line":146,"column":75}}}},"branchMap":{"0":{"loc":{"start":{"line":30,"column":4},"end":{"line":32,"column":5}},"type":"if","locations":[{"start":{"line":30,"column":4},"end":{"line":32,"column":5}},{"start":{},"end":{}}]},"1":{"loc":{"start":{"line":41,"column":4},"end":{"line":43,"column":5}},"type":"if","locations":[{"start":{"line":41,"column":4},"end":{"line":43,"column":5}},{"start":{},"end":{}}]},"2":{"loc":{"start":{"line":60,"column":4},"end":{"line":63,"column":5}},"type":"if","locations":[{"start":{"line":60,"column":4},"end":{"line":63,"column":5}},{"start":{},"end":{}}]},"3":{"loc":{"start":{"line":66,"column":4},"end":{"line":68,"column":5}},"type":"if","locations":[{"start":{"line":66,"column":4},"end":{"line":68,"column":5}},{"start":{},"end":{}}]},"4":{"loc":{"start":{"line":77,"column":4},"end":{"line":79,"column":5}},"type":"if","locations":[{"start":{"line":77,"column":4},"end":{"line":79,"column":5}},{"start":{},"end":{}}]},"5":{"loc":{"start":{"line":96,"column":4},"end":{"line":99,"column":5}},"type":"if","locations":[{"start":{"line":96,"column":4},"end":{"line":99,"column":5}},{"start":{},"end":{}}]},"6":{"loc":{"start":{"line":102,"column":4},"end":{"line":104,"column":5}},"type":"if","locations":[{"start":{"line":102,"column":4},"end":{"line":104,"column":5}},{"start":{},"end":{}}]},"7":{"loc":{"start":{"line":121,"column":4},"end":{"line":130,"column":5}},"type":"if","locations":[{"start":{"line":121,"column":4},"end":{"line":130,"column":5}},{"start":{},"end":{}}]},"8":{"loc":{"start":{"line":15,"column":40},"end":{"line":15,"column":64}},"type":"cond-expr","locations":[{"start":{"line":15,"column":50},"end":{"line":15,"column":64}},{"start":{"line":15,"column":50},"end":{"line":15,"column":64}}]},"9":{"loc":{"start":{"line":15,"column":40},"end":{"line":15,"column":50}},"type":"binary-expr","locations":[{"start":{"line":15,"column":40},"end":{"line":15,"column":64}},{"start":{"line":15,"column":40},"end":{"line":15,"column":50}}]},"10":{"loc":{"start":{"line":15,"column":50},"end":{"line":16,"column":null}},"type":"cond-expr","locations":[{"start":{"line":16,"column":48},"end":{"line":16,"column":null}},{"start":{"line":16,"column":48},"end":{"line":16,"column":null}}]},"11":{"loc":{"start":{"line":15,"column":50},"end":{"line":16,"column":48}},"type":"binary-expr","locations":[{"start":{"line":15,"column":50},"end":{"line":16,"column":null}},{"start":{"line":16,"column":32},"end":{"line":16,"column":48}}]},"12":{"loc":{"start":{"line":16,"column":48},"end":{"line":17,"column":null}},"type":"cond-expr","locations":[{"start":{"line":17,"column":47},"end":{"line":17,"column":null}},{"start":{"line":17,"column":47},"end":{"line":17,"column":null}}]},"13":{"loc":{"start":{"line":16,"column":48},"end":{"line":17,"column":47}},"type":"binary-expr","locations":[{"start":{"line":16,"column":48},"end":{"line":17,"column":null}},{"start":{"line":17,"column":35},"end":{"line":17,"column":47}}]}},"s":{"0":3,"1":3,"2":3,"3":3,"4":3,"5":3,"6":3,"7":3,"8":1,"9":1,"10":1,"11":1,"12":0,"13":0,"14":27,"15":27,"16":27,"17":0,"18":27,"19":6,"20":6,"21":0,"22":6,"23":6,"24":6,"25":6,"26":6,"27":0,"28":0,"29":6,"30":6,"31":0,"32":6,"33":2,"34":2,"35":0,"36":2,"37":2,"38":2,"39":2,"40":2,"41":0,"42":0,"43":2,"44":2,"45":0,"46":2,"47":25,"48":27,"49":27,"50":2,"51":2,"52":25,"53":25,"54":0,"55":0,"56":0,"57":3,"58":3},"f":{"0":1,"1":0,"2":27,"3":6,"4":6,"5":6,"6":2,"7":2,"8":2,"9":25,"10":27,"11":0,"12":0},"b":{"0":[0,27],"1":[0,6],"2":[0,6],"3":[0,6],"4":[0,2],"5":[0,2],"6":[0,2],"7":[2,25],"8":[3,0],"9":[3,3],"10":[3,0],"11":[3,3],"12":[3,0],"13":[3,3]}}
,"C:\\Users\\Eduar\\Documents\\Edu\\Project\\ExampleHR-time-off-microservice\\src\\common\\enums\\hcm-sync-status.enum.ts": {"path":"C:\\Users\\Eduar\\Documents\\Edu\\Project\\ExampleHR-time-off-microservice\\src\\common\\enums\\hcm-sync-status.enum.ts","statementMap":{"0":{"start":{"line":1,"column":0},"end":{"line":1,"column":null}},"1":{"start":{"line":2,"column":2},"end":{"line":2,"column":null}},"2":{"start":{"line":3,"column":2},"end":{"line":3,"column":null}},"3":{"start":{"line":4,"column":2},"end":{"line":4,"column":null}},"4":{"start":{"line":5,"column":2},"end":{"line":5,"column":null}}},"fnMap":{"0":{"name":"(anonymous_0)","decl":{"start":{"line":1,"column":0},"end":{"line":1,"column":12}},"loc":{"start":{"line":1,"column":25},"end":{"line":6,"column":1}}}},"branchMap":{"0":{"loc":{"start":{"line":1,"column":12},"end":{"line":1,"column":null}},"type":"binary-expr","locations":[{"start":{"line":1,"column":12},"end":{"line":1,"column":25}},{"start":{"line":1,"column":25},"end":{"line":1,"column":null}}]}},"s":{"0":3,"1":3,"2":3,"3":3,"4":3},"f":{"0":3},"b":{"0":[3,3]}}
,"C:\\Users\\Eduar\\Documents\\Edu\\Project\\ExampleHR-time-off-microservice\\src\\common\\enums\\request-status.enum.ts": {"path":"C:\\Users\\Eduar\\Documents\\Edu\\Project\\ExampleHR-time-off-microservice\\src\\common\\enums\\request-status.enum.ts","statementMap":{"0":{"start":{"line":1,"column":0},"end":{"line":1,"column":null}},"1":{"start":{"line":2,"column":2},"end":{"line":2,"column":null}},"2":{"start":{"line":3,"column":2},"end":{"line":3,"column":null}},"3":{"start":{"line":4,"column":2},"end":{"line":4,"column":null}},"4":{"start":{"line":5,"column":2},"end":{"line":5,"column":null}}},"fnMap":{"0":{"name":"(anonymous_0)","decl":{"start":{"line":1,"column":0},"end":{"line":1,"column":12}},"loc":{"start":{"line":1,"column":25},"end":{"line":6,"column":1}}}},"branchMap":{"0":{"loc":{"start":{"line":1,"column":12},"end":{"line":1,"column":null}},"type":"binary-expr","locations":[{"start":{"line":1,"column":12},"end":{"line":1,"column":25}},{"start":{"line":1,"column":25},"end":{"line":1,"column":null}}]}},"s":{"0":3,"1":3,"2":3,"3":3,"4":3},"f":{"0":3},"b":{"0":[3,3]}}
,"C:\\Users\\Eduar\\Documents\\Edu\\Project\\ExampleHR-time-off-microservice\\src\\hcm-client\\hcm-client.service.ts": {"path":"C:\\Users\\Eduar\\Documents\\Edu\\Project\\ExampleHR-time-off-microservice\\src\\hcm-client\\hcm-client.service.ts","statementMap":{"0":{"start":{"line":1,"column":0},"end":{"line":1,"column":52}},"1":{"start":{"line":2,"column":0},"end":{"line":2,"column":44}},"2":{"start":{"line":3,"column":0},"end":{"line":3,"column":38}},"3":{"start":{"line":20,"column":29},"end":{"line":72,"column":null}},"4":{"start":{"line":21,"column":28},"end":{"line":21,"column":61}},"5":{"start":{"line":23,"column":31},"end":{"line":23,"column":44}},"6":{"start":{"line":26,"column":4},"end":{"line":26,"column":66}},"7":{"start":{"line":30,"column":4},"end":{"line":38,"column":5}},"8":{"start":{"line":31,"column":23},"end":{"line":32,"column":null}},"9":{"start":{"line":34,"column":6},"end":{"line":34,"column":27}},"10":{"start":{"line":36,"column":6},"end":{"line":36,"column":91}},"11":{"start":{"line":37,"column":6},"end":{"line":37,"column":18}},"12":{"start":{"line":42,"column":4},"end":{"line":48,"column":5}},"13":{"start":{"line":43,"column":6},"end":{"line":43,"column":78}},"14":{"start":{"line":44,"column":6},"end":{"line":44,"column":18}},"15":{"start":{"line":46,"column":6},"end":{"line":46,"column":89}},"16":{"start":{"line":47,"column":6},"end":{"line":47,"column":19}},"17":{"start":{"line":52,"column":4},"end":{"line":58,"column":5}},"18":{"start":{"line":53,"column":6},"end":{"line":53,"column":79}},"19":{"start":{"line":54,"column":6},"end":{"line":54,"column":18}},"20":{"start":{"line":56,"column":6},"end":{"line":56,"column":90}},"21":{"start":{"line":57,"column":6},"end":{"line":57,"column":19}},"22":{"start":{"line":62,"column":4},"end":{"line":70,"column":5}},"23":{"start":{"line":63,"column":23},"end":{"line":64,"column":null}},"24":{"start":{"line":66,"column":6},"end":{"line":66,"column":27}},"25":{"start":{"line":68,"column":6},"end":{"line":68,"column":98}},"26":{"start":{"line":69,"column":6},"end":{"line":69,"column":16}},"27":{"start":{"line":20,"column":13},"end":{"line":20,"column":29}},"28":{"start":{"line":20,"column":13},"end":{"line":72,"column":null}}},"fnMap":{"0":{"name":"(anonymous_2)","decl":{"start":{"line":23,"column":2},"end":{"line":23,"column":31}},"loc":{"start":{"line":23,"column":55},"end":{"line":23,"column":59}}},"1":{"name":"(anonymous_3)","decl":{"start":{"line":25,"column":10},"end":{"line":25,"column":24}},"loc":{"start":{"line":25,"column":39},"end":{"line":27,"column":3}}},"2":{"name":"(anonymous_4)","decl":{"start":{"line":29,"column":2},"end":{"line":29,"column":7}},"loc":{"start":{"line":29,"column":76},"end":{"line":39,"column":3}}},"3":{"name":"(anonymous_5)","decl":{"start":{"line":41,"column":2},"end":{"line":41,"column":7}},"loc":{"start":{"line":41,"column":45},"end":{"line":49,"column":3}}},"4":{"name":"(anonymous_6)","decl":{"start":{"line":51,"column":2},"end":{"line":51,"column":7}},"loc":{"start":{"line":51,"column":46},"end":{"line":59,"column":3}}},"5":{"name":"(anonymous_7)","decl":{"start":{"line":61,"column":2},"end":{"line":61,"column":7}},"loc":{"start":{"line":61,"column":24},"end":{"line":71,"column":3}}}},"branchMap":{"0":{"loc":{"start":{"line":26,"column":11},"end":{"line":26,"column":65}},"type":"cond-expr","locations":[{"start":{"line":26,"column":36},"end":{"line":26,"column":49}},{"start":{"line":26,"column":52},"end":{"line":26,"column":65}}]},"1":{"loc":{"start":{"line":23,"column":44},"end":{"line":23,"column":58}},"type":"cond-expr","locations":[{"start":{"line":23,"column":55},"end":{"line":23,"column":58}},{"start":{"line":23,"column":55},"end":{"line":23,"column":58}}]},"2":{"loc":{"start":{"line":23,"column":44},"end":{"line":23,"column":55}},"type":"binary-expr","locations":[{"start":{"line":23,"column":44},"end":{"line":23,"column":58}},{"start":{"line":23,"column":44},"end":{"line":23,"column":55}}]}},"s":{"0":4,"1":4,"2":4,"3":4,"4":9,"5":9,"6":7,"7":35,"8":35,"9":32,"10":3,"11":3,"12":8,"13":8,"14":6,"15":2,"16":2,"17":3,"18":3,"19":2,"20":1,"21":1,"22":2,"23":2,"24":1,"25":1,"26":1,"27":4,"28":4},"f":{"0":9,"1":7,"2":35,"3":8,"4":3,"5":2},"b":{"0":[7,0],"1":[4,0],"2":[4,4]}}
,"C:\\Users\\Eduar\\Documents\\Edu\\Project\\ExampleHR-time-off-microservice\\src\\sync\\sync.controller.ts": {"path":"C:\\Users\\Eduar\\Documents\\Edu\\Project\\ExampleHR-time-off-microservice\\src\\sync\\sync.controller.ts","statementMap":{"0":{"start":{"line":1,"column":0},"end":{"line":1,"column":66}},"1":{"start":{"line":2,"column":0},"end":{"line":2,"column":45}},"2":{"start":{"line":6,"column":7},"end":{"line":20,"column":null}},"3":{"start":{"line":7,"column":31},"end":{"line":7,"column":44}},"4":{"start":{"line":12,"column":4},"end":{"line":12,"column":55}},"5":{"start":{"line":18,"column":4},"end":{"line":18,"column":49}},"6":{"start":{"line":6,"column":13},"end":{"line":6,"column":27}},"7":{"start":{"line":11,"column":8},"end":{"line":13,"column":null}},"8":{"start":{"line":17,"column":8},"end":{"line":19,"column":null}},"9":{"start":{"line":6,"column":13},"end":{"line":20,"column":null}}},"fnMap":{"0":{"name":"(anonymous_4)","decl":{"start":{"line":7,"column":2},"end":{"line":7,"column":31}},"loc":{"start":{"line":7,"column":55},"end":{"line":7,"column":59}}},"1":{"name":"(anonymous_5)","decl":{"start":{"line":11,"column":8},"end":{"line":11,"column":17}},"loc":{"start":{"line":11,"column":58},"end":{"line":13,"column":3}}},"2":{"name":"(anonymous_6)","decl":{"start":{"line":17,"column":8},"end":{"line":17,"column":24}},"loc":{"start":{"line":17,"column":24},"end":{"line":19,"column":3}}}},"branchMap":{"0":{"loc":{"start":{"line":7,"column":44},"end":{"line":7,"column":58}},"type":"cond-expr","locations":[{"start":{"line":7,"column":55},"end":{"line":7,"column":58}},{"start":{"line":7,"column":55},"end":{"line":7,"column":58}}]},"1":{"loc":{"start":{"line":7,"column":44},"end":{"line":7,"column":55}},"type":"binary-expr","locations":[{"start":{"line":7,"column":44},"end":{"line":7,"column":58}},{"start":{"line":7,"column":44},"end":{"line":7,"column":55}}]}},"s":{"0":1,"1":1,"2":1,"3":1,"4":1,"5":0,"6":1,"7":1,"8":1,"9":1},"f":{"0":1,"1":1,"2":0},"b":{"0":[1,0],"1":[1,1]}}
,"C:\\Users\\Eduar\\Documents\\Edu\\Project\\ExampleHR-time-off-microservice\\src\\sync\\sync.service.ts": {"path":"C:\\Users\\Eduar\\Documents\\Edu\\Project\\ExampleHR-time-off-microservice\\src\\sync\\sync.service.ts","statementMap":{"0":{"start":{"line":1,"column":0},"end":{"line":1,"column":52}},"1":{"start":{"line":2,"column":0},"end":{"line":2,"column":51}},"2":{"start":{"line":3,"column":0},"end":{"line":3,"column":49}},"3":{"start":{"line":4,"column":0},"end":{"line":4,"column":57}},"4":{"start":{"line":5,"column":0},"end":{"line":5,"column":80}},"5":{"start":{"line":6,"column":0},"end":{"line":6,"column":54}},"6":{"start":{"line":7,"column":0},"end":{"line":7,"column":68}},"7":{"start":{"line":10,"column":24},"end":{"line":83,"column":null}},"8":{"start":{"line":11,"column":28},"end":{"line":11,"column":56}},"9":{"start":{"line":15,"column":21},"end":{"line":15,"column":40}},"10":{"start":{"line":16,"column":21},"end":{"line":16,"column":32}},"11":{"start":{"line":17,"column":21},"end":{"line":17,"column":35}},"12":{"start":{"line":18,"column":21},"end":{"line":18,"column":33}},"13":{"start":{"line":22,"column":24},"end":{"line":22,"column":59}},"14":{"start":{"line":23,"column":4},"end":{"line":23,"column":32}},"15":{"start":{"line":24,"column":4},"end":{"line":24,"column":41}},"16":{"start":{"line":26,"column":4},"end":{"line":72,"column":5}},"17":{"start":{"line":27,"column":6},"end":{"line":45,"column":7}},"18":{"start":{"line":28,"column":8},"end":{"line":44,"column":21}},"19":{"start":{"line":47,"column":6},"end":{"line":47,"column":44}},"20":{"start":{"line":49,"column":6},"end":{"line":53,"column":9}},"21":{"start":{"line":55,"column":6},"end":{"line":55,"column":84}},"22":{"start":{"line":57,"column":6},"end":{"line":57,"column":46}},"23":{"start":{"line":59,"column":22},"end":{"line":59,"column":76}},"24":{"start":{"line":61,"column":6},"end":{"line":66,"column":9}},"25":{"start":{"line":68,"column":6},"end":{"line":68,"column":77}},"26":{"start":{"line":69,"column":6},"end":{"line":69,"column":18}},"27":{"start":{"line":71,"column":6},"end":{"line":71,"column":34}},"28":{"start":{"line":76,"column":21},"end":{"line":76,"column":60}},"29":{"start":{"line":77,"column":4},"end":{"line":80,"column":5}},"30":{"start":{"line":78,"column":6},"end":{"line":78,"column":66}},"31":{"start":{"line":79,"column":6},"end":{"line":79,"column":13}},"32":{"start":{"line":81,"column":4},"end":{"line":81,"column":38}},"33":{"start":{"line":10,"column":13},"end":{"line":10,"column":24}},"34":{"start":{"line":10,"column":13},"end":{"line":83,"column":null}}},"fnMap":{"0":{"name":"(anonymous_4)","decl":{"start":{"line":13,"column":2},"end":{"line":13,"column":null}},"loc":{"start":{"line":18,"column":43},"end":{"line":19,"column":6}}},"1":{"name":"(anonymous_5)","decl":{"start":{"line":21,"column":2},"end":{"line":21,"column":7}},"loc":{"start":{"line":21,"column":43},"end":{"line":73,"column":3}}},"2":{"name":"(anonymous_6)","decl":{"start":{"line":75,"column":2},"end":{"line":75,"column":7}},"loc":{"start":{"line":75,"column":27},"end":{"line":82,"column":3}}}},"branchMap":{"0":{"loc":{"start":{"line":59,"column":22},"end":{"line":59,"column":76}},"type":"cond-expr","locations":[{"start":{"line":59,"column":47},"end":{"line":59,"column":60}},{"start":{"line":59,"column":63},"end":{"line":59,"column":76}}]},"1":{"loc":{"start":{"line":77,"column":4},"end":{"line":80,"column":5}},"type":"if","locations":[{"start":{"line":77,"column":4},"end":{"line":80,"column":5}},{"start":{},"end":{}}]},"2":{"loc":{"start":{"line":15,"column":40},"end":{"line":15,"column":64}},"type":"cond-expr","locations":[{"start":{"line":15,"column":50},"end":{"line":15,"column":64}},{"start":{"line":15,"column":50},"end":{"line":15,"column":64}}]},"3":{"loc":{"start":{"line":15,"column":40},"end":{"line":15,"column":50}},"type":"binary-expr","locations":[{"start":{"line":15,"column":40},"end":{"line":15,"column":64}},{"start":{"line":15,"column":40},"end":{"line":15,"column":50}}]},"4":{"loc":{"start":{"line":15,"column":50},"end":{"line":16,"column":null}},"type":"cond-expr","locations":[{"start":{"line":16,"column":48},"end":{"line":16,"column":null}},{"start":{"line":16,"column":48},"end":{"line":16,"column":null}}]},"5":{"loc":{"start":{"line":15,"column":50},"end":{"line":16,"column":48}},"type":"binary-expr","locations":[{"start":{"line":15,"column":50},"end":{"line":16,"column":null}},{"start":{"line":16,"column":32},"end":{"line":16,"column":48}}]},"6":{"loc":{"start":{"line":16,"column":48},"end":{"line":17,"column":null}},"type":"cond-expr","locations":[{"start":{"line":17,"column":47},"end":{"line":17,"column":null}},{"start":{"line":17,"column":47},"end":{"line":17,"column":null}}]},"7":{"loc":{"start":{"line":16,"column":48},"end":{"line":17,"column":47}},"type":"binary-expr","locations":[{"start":{"line":16,"column":48},"end":{"line":17,"column":null}},{"start":{"line":17,"column":35},"end":{"line":17,"column":47}}]},"8":{"loc":{"start":{"line":17,"column":47},"end":{"line":18,"column":null}},"type":"cond-expr","locations":[{"start":{"line":18,"column":43},"end":{"line":18,"column":null}},{"start":{"line":18,"column":43},"end":{"line":18,"column":null}}]},"9":{"loc":{"start":{"line":17,"column":47},"end":{"line":18,"column":43}},"type":"binary-expr","locations":[{"start":{"line":17,"column":47},"end":{"line":18,"column":null}},{"start":{"line":18,"column":33},"end":{"line":18,"column":43}}]}},"s":{"0":1,"1":1,"2":1,"3":1,"4":1,"5":1,"6":1,"7":1,"8":1,"9":1,"10":1,"11":1,"12":1,"13":1,"14":1,"15":1,"16":1,"17":1,"18":2,"19":1,"20":1,"21":1,"22":0,"23":0,"24":0,"25":0,"26":0,"27":1,"28":0,"29":0,"30":0,"31":0,"32":0,"33":1,"34":1},"f":{"0":1,"1":1,"2":0},"b":{"0":[0,0],"1":[0,0],"2":[1,0],"3":[1,1],"4":[1,0],"5":[1,1],"6":[1,0],"7":[1,1],"8":[1,0],"9":[1,1]}}
,"C:\\Users\\Eduar\\Documents\\Edu\\Project\\ExampleHR-time-off-microservice\\src\\time-off\\time-off.controller.ts": {"path":"C:\\Users\\Eduar\\Documents\\Edu\\Project\\ExampleHR-time-off-microservice\\src\\time-off\\time-off.controller.ts","statementMap":{"0":{"start":{"line":1,"column":0},"end":{"line":1,"column":101}},"1":{"start":{"line":2,"column":0},"end":{"line":2,"column":77}},"2":{"start":{"line":3,"column":0},"end":{"line":3,"column":68}},"3":{"start":{"line":6,"column":7},"end":{"line":47,"column":null}},"4":{"start":{"line":7,"column":31},"end":{"line":7,"column":47}},"5":{"start":{"line":14,"column":4},"end":{"line":14,"column":67}},"6":{"start":{"line":19,"column":4},"end":{"line":19,"column":43}},"7":{"start":{"line":27,"column":4},"end":{"line":27,"column":59}},"8":{"start":{"line":33,"column":4},"end":{"line":33,"column":43}},"9":{"start":{"line":39,"column":4},"end":{"line":39,"column":42}},"10":{"start":{"line":45,"column":4},"end":{"line":45,"column":42}},"11":{"start":{"line":6,"column":13},"end":{"line":6,"column":30}},"12":{"start":{"line":10,"column":2},"end":{"line":15,"column":null}},"13":{"start":{"line":18,"column":2},"end":{"line":20,"column":null}},"14":{"start":{"line":23,"column":2},"end":{"line":28,"column":null}},"15":{"start":{"line":32,"column":2},"end":{"line":34,"column":null}},"16":{"start":{"line":38,"column":2},"end":{"line":40,"column":null}},"17":{"start":{"line":44,"column":2},"end":{"line":46,"column":null}},"18":{"start":{"line":6,"column":13},"end":{"line":47,"column":null}}},"fnMap":{"0":{"name":"(anonymous_4)","decl":{"start":{"line":7,"column":2},"end":{"line":7,"column":31}},"loc":{"start":{"line":7,"column":61},"end":{"line":7,"column":65}}},"1":{"name":"(anonymous_5)","decl":{"start":{"line":10,"column":2},"end":{"line":10,"column":8}},"loc":{"start":{"line":12,"column":54},"end":{"line":15,"column":3}}},"2":{"name":"(anonymous_6)","decl":{"start":{"line":18,"column":2},"end":{"line":18,"column":9}},"loc":{"start":{"line":18,"column":33},"end":{"line":20,"column":3}}},"3":{"name":"(anonymous_7)","decl":{"start":{"line":23,"column":2},"end":{"line":23,"column":9}},"loc":{"start":{"line":25,"column":43},"end":{"line":28,"column":3}}},"4":{"name":"(anonymous_8)","decl":{"start":{"line":32,"column":2},"end":{"line":32,"column":9}},"loc":{"start":{"line":32,"column":33},"end":{"line":34,"column":3}}},"5":{"name":"(anonymous_9)","decl":{"start":{"line":38,"column":2},"end":{"line":38,"column":8}},"loc":{"start":{"line":38,"column":32},"end":{"line":40,"column":3}}},"6":{"name":"(anonymous_10)","decl":{"start":{"line":44,"column":2},"end":{"line":44,"column":8}},"loc":{"start":{"line":44,"column":32},"end":{"line":46,"column":3}}}},"branchMap":{"0":{"loc":{"start":{"line":11,"column":18},"end":{"line":11,"column":65}},"type":"cond-expr","locations":[{"start":{"line":11,"column":22},"end":{"line":11,"column":65}},{"start":{"line":11,"column":22},"end":{"line":11,"column":65}}]},"1":{"loc":{"start":{"line":11,"column":18},"end":{"line":11,"column":22}},"type":"binary-expr","locations":[{"start":{"line":11,"column":18},"end":{"line":11,"column":65}},{"start":{"line":11,"column":18},"end":{"line":11,"column":22}}]},"2":{"loc":{"start":{"line":25,"column":30},"end":{"line":25,"column":null}},"type":"cond-expr","locations":[{"start":{"line":25,"column":43},"end":{"line":25,"column":null}},{"start":{"line":25,"column":43},"end":{"line":25,"column":null}}]},"3":{"loc":{"start":{"line":25,"column":30},"end":{"line":25,"column":43}},"type":"binary-expr","locations":[{"start":{"line":25,"column":30},"end":{"line":25,"column":null}},{"start":{"line":25,"column":30},"end":{"line":25,"column":43}}]},"4":{"loc":{"start":{"line":7,"column":47},"end":{"line":7,"column":64}},"type":"cond-expr","locations":[{"start":{"line":7,"column":61},"end":{"line":7,"column":64}},{"start":{"line":7,"column":61},"end":{"line":7,"column":64}}]},"5":{"loc":{"start":{"line":7,"column":47},"end":{"line":7,"column":61}},"type":"binary-expr","locations":[{"start":{"line":7,"column":47},"end":{"line":7,"column":64}},{"start":{"line":7,"column":47},"end":{"line":7,"column":61}}]}},"s":{"0":1,"1":1,"2":1,"3":1,"4":1,"5":18,"6":1,"7":1,"8":7,"9":3,"10":4,"11":1,"12":1,"13":1,"14":1,"15":1,"16":1,"17":1,"18":1},"f":{"0":1,"1":18,"2":1,"3":1,"4":7,"5":3,"6":4},"b":{"0":[0,1],"1":[1,0],"2":[0,1],"3":[1,1],"4":[1,0],"5":[1,1]}}
,"C:\\Users\\Eduar\\Documents\\Edu\\Project\\ExampleHR-time-off-microservice\\src\\time-off\\time-off.entity.ts": {"path":"C:\\Users\\Eduar\\Documents\\Edu\\Project\\ExampleHR-time-off-microservice\\src\\time-off\\time-off.entity.ts","statementMap":{"0":{"start":{"line":1,"column":0},"end":{"line":1,"column":92}},"1":{"start":{"line":2,"column":0},"end":{"line":2,"column":68}},"2":{"start":{"line":3,"column":0},"end":{"line":3,"column":69}},"3":{"start":{"line":6,"column":7},"end":{"line":36,"column":null}},"4":{"start":{"line":6,"column":13},"end":{"line":6,"column":27}},"5":{"start":{"line":8,"column":2},"end":{"line":8,"column":null}},"6":{"start":{"line":11,"column":2},"end":{"line":11,"column":null}},"7":{"start":{"line":14,"column":2},"end":{"line":14,"column":null}},"8":{"start":{"line":17,"column":2},"end":{"line":17,"column":null}},"9":{"start":{"line":20,"column":2},"end":{"line":20,"column":null}},"10":{"start":{"line":23,"column":2},"end":{"line":23,"column":null}},"11":{"start":{"line":26,"column":2},"end":{"line":26,"column":null}},"12":{"start":{"line":29,"column":2},"end":{"line":29,"column":null}},"13":{"start":{"line":32,"column":2},"end":{"line":32,"column":null}},"14":{"start":{"line":35,"column":2},"end":{"line":35,"column":null}},"15":{"start":{"line":6,"column":13},"end":{"line":36,"column":null}}},"fnMap":{},"branchMap":{"0":{"loc":{"start":{"line":23,"column":11},"end":{"line":23,"column":25}},"type":"cond-expr","locations":[{"start":{"line":23,"column":24},"end":{"line":23,"column":25}},{"start":{"line":23,"column":24},"end":{"line":23,"column":25}}]},"1":{"loc":{"start":{"line":23,"column":11},"end":{"line":23,"column":24}},"type":"binary-expr","locations":[{"start":{"line":23,"column":11},"end":{"line":23,"column":25}},{"start":{"line":23,"column":11},"end":{"line":23,"column":24}}]},"2":{"loc":{"start":{"line":26,"column":18},"end":{"line":26,"column":32}},"type":"cond-expr","locations":[{"start":{"line":26,"column":31},"end":{"line":26,"column":32}},{"start":{"line":26,"column":31},"end":{"line":26,"column":32}}]},"3":{"loc":{"start":{"line":26,"column":18},"end":{"line":26,"column":31}},"type":"binary-expr","locations":[{"start":{"line":26,"column":18},"end":{"line":26,"column":32}},{"start":{"line":26,"column":18},"end":{"line":26,"column":31}}]},"4":{"loc":{"start":{"line":32,"column":14},"end":{"line":32,"column":19}},"type":"cond-expr","locations":[{"start":{"line":32,"column":18},"end":{"line":32,"column":19}},{"start":{"line":32,"column":18},"end":{"line":32,"column":19}}]},"5":{"loc":{"start":{"line":32,"column":14},"end":{"line":32,"column":18}},"type":"binary-expr","locations":[{"start":{"line":32,"column":14},"end":{"line":32,"column":19}},{"start":{"line":32,"column":14},"end":{"line":32,"column":18}}]},"6":{"loc":{"start":{"line":35,"column":14},"end":{"line":35,"column":19}},"type":"cond-expr","locations":[{"start":{"line":35,"column":18},"end":{"line":35,"column":19}},{"start":{"line":35,"column":18},"end":{"line":35,"column":19}}]},"7":{"loc":{"start":{"line":35,"column":14},"end":{"line":35,"column":18}},"type":"binary-expr","locations":[{"start":{"line":35,"column":14},"end":{"line":35,"column":19}},{"start":{"line":35,"column":14},"end":{"line":35,"column":18}}]}},"s":{"0":3,"1":3,"2":3,"3":3,"4":3,"5":3,"6":3,"7":3,"8":3,"9":3,"10":3,"11":3,"12":3,"13":3,"14":3,"15":3},"f":{},"b":{"0":[0,3],"1":[3,3],"2":[0,3],"3":[3,3],"4":[3,0],"5":[3,3],"6":[3,0],"7":[3,3]}}
,"C:\\Users\\Eduar\\Documents\\Edu\\Project\\ExampleHR-time-off-microservice\\src\\time-off\\time-off.scheduler.ts": {"path":"C:\\Users\\Eduar\\Documents\\Edu\\Project\\ExampleHR-time-off-microservice\\src\\time-off\\time-off.scheduler.ts","statementMap":{"0":{"start":{"line":1,"column":0},"end":{"line":1,"column":52}},"1":{"start":{"line":2,"column":0},"end":{"line":2,"column":56}},"2":{"start":{"line":3,"column":0},"end":{"line":3,"column":51}},"3":{"start":{"line":4,"column":0},"end":{"line":4,"column":37}},"4":{"start":{"line":5,"column":0},"end":{"line":5,"column":51}},"5":{"start":{"line":6,"column":0},"end":{"line":6,"column":69}},"6":{"start":{"line":7,"column":0},"end":{"line":7,"column":68}},"7":{"start":{"line":8,"column":0},"end":{"line":8,"column":68}},"8":{"start":{"line":9,"column":0},"end":{"line":9,"column":60}},"9":{"start":{"line":10,"column":0},"end":{"line":10,"column":54}},"10":{"start":{"line":11,"column":0},"end":{"line":11,"column":68}},"11":{"start":{"line":14,"column":29},"end":{"line":79,"column":null}},"12":{"start":{"line":15,"column":28},"end":{"line":15,"column":61}},"13":{"start":{"line":19,"column":21},"end":{"line":19,"column":40}},"14":{"start":{"line":20,"column":21},"end":{"line":20,"column":32}},"15":{"start":{"line":21,"column":21},"end":{"line":21,"column":37}},"16":{"start":{"line":22,"column":21},"end":{"line":22,"column":35}},"17":{"start":{"line":27,"column":27},"end":{"line":32,"column":6}},"18":{"start":{"line":34,"column":4},"end":{"line":34,"column":44}},"19":{"start":{"line":34,"column":37},"end":{"line":34,"column":44}},"20":{"start":{"line":36,"column":4},"end":{"line":36,"column":88}},"21":{"start":{"line":38,"column":4},"end":{"line":77,"column":5}},"22":{"start":{"line":39,"column":6},"end":{"line":39,"column":50}},"23":{"start":{"line":40,"column":6},"end":{"line":40,"column":49}},"24":{"start":{"line":42,"column":22},"end":{"line":47,"column":8}},"25":{"start":{"line":49,"column":6},"end":{"line":76,"column":7}},"26":{"start":{"line":50,"column":8},"end":{"line":50,"column":53}},"27":{"start":{"line":51,"column":8},"end":{"line":51,"column":51}},"28":{"start":{"line":53,"column":8},"end":{"line":59,"column":11}},"29":{"start":{"line":61,"column":8},"end":{"line":61,"column":69}},"30":{"start":{"line":63,"column":8},"end":{"line":63,"column":53}},"31":{"start":{"line":64,"column":8},"end":{"line":64,"column":51}},"32":{"start":{"line":66,"column":8},"end":{"line":73,"column":11}},"33":{"start":{"line":75,"column":8},"end":{"line":75,"column":94}},"34":{"start":{"line":14,"column":13},"end":{"line":14,"column":29}},"35":{"start":{"line":26,"column":8},"end":{"line":78,"column":null}},"36":{"start":{"line":14,"column":13},"end":{"line":79,"column":null}}},"fnMap":{"0":{"name":"(anonymous_4)","decl":{"start":{"line":17,"column":2},"end":{"line":17,"column":null}},"loc":{"start":{"line":22,"column":47},"end":{"line":23,"column":6}}},"1":{"name":"(anonymous_5)","decl":{"start":{"line":26,"column":8},"end":{"line":26,"column":26}},"loc":{"start":{"line":26,"column":26},"end":{"line":78,"column":3}}}},"branchMap":{"0":{"loc":{"start":{"line":34,"column":4},"end":{"line":34,"column":44}},"type":"if","locations":[{"start":{"line":34,"column":4},"end":{"line":34,"column":44}},{"start":{},"end":{}}]},"1":{"loc":{"start":{"line":49,"column":6},"end":{"line":76,"column":7}},"type":"if","locations":[{"start":{"line":49,"column":6},"end":{"line":76,"column":7}},{"start":{"line":62,"column":13},"end":{"line":76,"column":7}}]},"2":{"loc":{"start":{"line":26,"column":30},"end":{"line":26,"column":null}},"type":"cond-expr","locations":[{"start":{"line":26,"column":37},"end":{"line":26,"column":null}},{"start":{"line":26,"column":37},"end":{"line":26,"column":null}}]},"3":{"loc":{"start":{"line":26,"column":30},"end":{"line":26,"column":37}},"type":"binary-expr","locations":[{"start":{"line":26,"column":30},"end":{"line":26,"column":null}},{"start":{"line":26,"column":30},"end":{"line":26,"column":37}}]},"4":{"loc":{"start":{"line":19,"column":40},"end":{"line":19,"column":66}},"type":"cond-expr","locations":[{"start":{"line":19,"column":50},"end":{"line":19,"column":66}},{"start":{"line":19,"column":50},"end":{"line":19,"column":66}}]},"5":{"loc":{"start":{"line":19,"column":40},"end":{"line":19,"column":50}},"type":"binary-expr","locations":[{"start":{"line":19,"column":40},"end":{"line":19,"column":66}},{"start":{"line":19,"column":40},"end":{"line":19,"column":50}}]},"6":{"loc":{"start":{"line":19,"column":50},"end":{"line":20,"column":null}},"type":"cond-expr","locations":[{"start":{"line":20,"column":48},"end":{"line":20,"column":null}},{"start":{"line":20,"column":48},"end":{"line":20,"column":null}}]},"7":{"loc":{"start":{"line":19,"column":50},"end":{"line":20,"column":48}},"type":"binary-expr","locations":[{"start":{"line":19,"column":50},"end":{"line":20,"column":null}},{"start":{"line":20,"column":32},"end":{"line":20,"column":48}}]},"8":{"loc":{"start":{"line":20,"column":48},"end":{"line":21,"column":null}},"type":"cond-expr","locations":[{"start":{"line":21,"column":51},"end":{"line":21,"column":null}},{"start":{"line":21,"column":51},"end":{"line":21,"column":null}}]},"9":{"loc":{"start":{"line":20,"column":48},"end":{"line":21,"column":51}},"type":"binary-expr","locations":[{"start":{"line":20,"column":48},"end":{"line":21,"column":null}},{"start":{"line":21,"column":37},"end":{"line":21,"column":51}}]},"10":{"loc":{"start":{"line":21,"column":51},"end":{"line":22,"column":null}},"type":"cond-expr","locations":[{"start":{"line":22,"column":47},"end":{"line":22,"column":null}},{"start":{"line":22,"column":47},"end":{"line":22,"column":null}}]},"11":{"loc":{"start":{"line":21,"column":51},"end":{"line":22,"column":47}},"type":"binary-expr","locations":[{"start":{"line":21,"column":51},"end":{"line":22,"column":null}},{"start":{"line":22,"column":35},"end":{"line":22,"column":47}}]}},"s":{"0":2,"1":2,"2":2,"3":2,"4":2,"5":2,"6":2,"7":2,"8":2,"9":2,"10":2,"11":2,"12":4,"13":4,"14":4,"15":4,"16":4,"17":3,"18":3,"19":1,"20":2,"21":2,"22":2,"23":2,"24":2,"25":2,"26":1,"27":1,"28":1,"29":1,"30":1,"31":1,"32":1,"33":1,"34":2,"35":2,"36":2},"f":{"0":4,"1":3},"b":{"0":[1,2],"1":[1,1],"2":[2,0],"3":[2,2],"4":[2,0],"5":[2,2],"6":[2,0],"7":[2,2],"8":[2,0],"9":[2,2],"10":[2,0],"11":[2,2]}}
,"C:\\Users\\Eduar\\Documents\\Edu\\Project\\ExampleHR-time-off-microservice\\src\\time-off\\time-off.service.ts": {"path":"C:\\Users\\Eduar\\Documents\\Edu\\Project\\ExampleHR-time-off-microservice\\src\\time-off\\time-off.service.ts","statementMap":{"0":{"start":{"line":1,"column":0},"end":{"line":1,"column":null}},"1":{"start":{"line":8,"column":0},"end":{"line":8,"column":51}},"2":{"start":{"line":9,"column":0},"end":{"line":9,"column":37}},"3":{"start":{"line":10,"column":0},"end":{"line":10,"column":36}},"4":{"start":{"line":11,"column":0},"end":{"line":11,"column":51}},"5":{"start":{"line":12,"column":0},"end":{"line":12,"column":68}},"6":{"start":{"line":13,"column":0},"end":{"line":13,"column":69}},"7":{"start":{"line":14,"column":0},"end":{"line":14,"column":60}},"8":{"start":{"line":15,"column":0},"end":{"line":15,"column":68}},"9":{"start":{"line":16,"column":0},"end":{"line":16,"column":54}},"10":{"start":{"line":17,"column":0},"end":{"line":17,"column":68}},"11":{"start":{"line":28,"column":27},"end":{"line":211,"column":null}},"12":{"start":{"line":29,"column":28},"end":{"line":29,"column":59}},"13":{"start":{"line":33,"column":21},"end":{"line":33,"column":40}},"14":{"start":{"line":34,"column":21},"end":{"line":34,"column":37}},"15":{"start":{"line":35,"column":21},"end":{"line":35,"column":32}},"16":{"start":{"line":36,"column":21},"end":{"line":36,"column":35}},"17":{"start":{"line":40,"column":21},"end":{"line":42,"column":6}},"18":{"start":{"line":43,"column":4},"end":{"line":45,"column":5}},"19":{"start":{"line":44,"column":6},"end":{"line":44,"column":22}},"20":{"start":{"line":47,"column":4},"end":{"line":49,"column":5}},"21":{"start":{"line":48,"column":6},"end":{"line":48,"column":89}},"22":{"start":{"line":51,"column":20},"end":{"line":54,"column":null}},"23":{"start":{"line":57,"column":4},"end":{"line":61,"column":5}},"24":{"start":{"line":58,"column":6},"end":{"line":60,"column":8}},"25":{"start":{"line":63,"column":20},"end":{"line":72,"column":6}},"26":{"start":{"line":74,"column":4},"end":{"line":74,"column":48}},"27":{"start":{"line":78,"column":20},"end":{"line":78,"column":75}},"28":{"start":{"line":79,"column":4},"end":{"line":81,"column":5}},"29":{"start":{"line":80,"column":6},"end":{"line":80,"column":61}},"30":{"start":{"line":82,"column":4},"end":{"line":82,"column":19}},"31":{"start":{"line":86,"column":23},"end":{"line":86,"column":37}},"32":{"start":{"line":87,"column":4},"end":{"line":89,"column":5}},"33":{"start":{"line":88,"column":6},"end":{"line":88,"column":28}},"34":{"start":{"line":90,"column":4},"end":{"line":90,"column":80}},"35":{"start":{"line":94,"column":20},"end":{"line":94,"column":42}},"36":{"start":{"line":96,"column":4},"end":{"line":98,"column":5}},"37":{"start":{"line":97,"column":6},"end":{"line":97,"column":92}},"38":{"start":{"line":100,"column":23},"end":{"line":103,"column":null}},"39":{"start":{"line":106,"column":26},"end":{"line":106,"column":70}},"40":{"start":{"line":108,"column":4},"end":{"line":112,"column":5}},"41":{"start":{"line":109,"column":6},"end":{"line":111,"column":8}},"42":{"start":{"line":114,"column":4},"end":{"line":119,"column":6}},"43":{"start":{"line":121,"column":23},"end":{"line":126,"column":6}},"44":{"start":{"line":128,"column":4},"end":{"line":147,"column":5}},"45":{"start":{"line":129,"column":6},"end":{"line":134,"column":8}},"46":{"start":{"line":136,"column":6},"end":{"line":143,"column":9}},"47":{"start":{"line":145,"column":6},"end":{"line":145,"column":51}},"48":{"start":{"line":146,"column":6},"end":{"line":146,"column":50}},"49":{"start":{"line":149,"column":4},"end":{"line":155,"column":7}},"50":{"start":{"line":157,"column":4},"end":{"line":157,"column":44}},"51":{"start":{"line":158,"column":4},"end":{"line":158,"column":49}},"52":{"start":{"line":159,"column":4},"end":{"line":159,"column":48}},"53":{"start":{"line":163,"column":20},"end":{"line":163,"column":42}},"54":{"start":{"line":165,"column":4},"end":{"line":167,"column":5}},"55":{"start":{"line":166,"column":6},"end":{"line":166,"column":91}},"56":{"start":{"line":169,"column":4},"end":{"line":169,"column":44}},"57":{"start":{"line":170,"column":4},"end":{"line":170,"column":48}},"58":{"start":{"line":174,"column":20},"end":{"line":174,"column":42}},"59":{"start":{"line":176,"column":4},"end":{"line":178,"column":5}},"60":{"start":{"line":177,"column":6},"end":{"line":177,"column":21}},"61":{"start":{"line":180,"column":4},"end":{"line":182,"column":5}},"62":{"start":{"line":181,"column":6},"end":{"line":181,"column":91}},"63":{"start":{"line":184,"column":4},"end":{"line":206,"column":5}},"64":{"start":{"line":185,"column":6},"end":{"line":190,"column":8}},"65":{"start":{"line":192,"column":6},"end":{"line":197,"column":9}},"66":{"start":{"line":199,"column":6},"end":{"line":205,"column":9}},"67":{"start":{"line":208,"column":4},"end":{"line":208,"column":45}},"68":{"start":{"line":209,"column":4},"end":{"line":209,"column":48}},"69":{"start":{"line":28,"column":13},"end":{"line":28,"column":27}},"70":{"start":{"line":28,"column":13},"end":{"line":211,"column":null}}},"fnMap":{"0":{"name":"(anonymous_4)","decl":{"start":{"line":31,"column":2},"end":{"line":31,"column":null}},"loc":{"start":{"line":36,"column":47},"end":{"line":37,"column":6}}},"1":{"name":"(anonymous_5)","decl":{"start":{"line":39,"column":2},"end":{"line":39,"column":7}},"loc":{"start":{"line":39,"column":43},"end":{"line":75,"column":3}}},"2":{"name":"(anonymous_6)","decl":{"start":{"line":77,"column":2},"end":{"line":77,"column":7}},"loc":{"start":{"line":77,"column":26},"end":{"line":83,"column":3}}},"3":{"name":"(anonymous_7)","decl":{"start":{"line":85,"column":2},"end":{"line":85,"column":7}},"loc":{"start":{"line":85,"column":58},"end":{"line":91,"column":3}}},"4":{"name":"(anonymous_8)","decl":{"start":{"line":93,"column":2},"end":{"line":93,"column":7}},"loc":{"start":{"line":93,"column":26},"end":{"line":160,"column":3}}},"5":{"name":"(anonymous_9)","decl":{"start":{"line":162,"column":2},"end":{"line":162,"column":7}},"loc":{"start":{"line":162,"column":25},"end":{"line":171,"column":3}}},"6":{"name":"(anonymous_10)","decl":{"start":{"line":173,"column":2},"end":{"line":173,"column":7}},"loc":{"start":{"line":173,"column":25},"end":{"line":210,"column":3}}}},"branchMap":{"0":{"loc":{"start":{"line":43,"column":4},"end":{"line":45,"column":5}},"type":"if","locations":[{"start":{"line":43,"column":4},"end":{"line":45,"column":5}},{"start":{},"end":{}}]},"1":{"loc":{"start":{"line":47,"column":4},"end":{"line":49,"column":5}},"type":"if","locations":[{"start":{"line":47,"column":4},"end":{"line":49,"column":5}},{"start":{},"end":{}}]},"2":{"loc":{"start":{"line":57,"column":4},"end":{"line":61,"column":5}},"type":"if","locations":[{"start":{"line":57,"column":4},"end":{"line":61,"column":5}},{"start":{},"end":{}}]},"3":{"loc":{"start":{"line":79,"column":4},"end":{"line":81,"column":5}},"type":"if","locations":[{"start":{"line":79,"column":4},"end":{"line":81,"column":5}},{"start":{},"end":{}}]},"4":{"loc":{"start":{"line":87,"column":4},"end":{"line":89,"column":5}},"type":"if","locations":[{"start":{"line":87,"column":4},"end":{"line":89,"column":5}},{"start":{},"end":{}}]},"5":{"loc":{"start":{"line":96,"column":4},"end":{"line":98,"column":5}},"type":"if","locations":[{"start":{"line":96,"column":4},"end":{"line":98,"column":5}},{"start":{},"end":{}}]},"6":{"loc":{"start":{"line":106,"column":26},"end":{"line":106,"column":70}},"type":"cond-expr","locations":[{"start":{"line":106,"column":39},"end":{"line":106,"column":63}},{"start":{"line":106,"column":66},"end":{"line":106,"column":70}}]},"7":{"loc":{"start":{"line":108,"column":4},"end":{"line":112,"column":5}},"type":"if","locations":[{"start":{"line":108,"column":4},"end":{"line":112,"column":5}},{"start":{},"end":{}}]},"8":{"loc":{"start":{"line":108,"column":8},"end":{"line":108,"column":71}},"type":"binary-expr","locations":[{"start":{"line":108,"column":8},"end":{"line":108,"column":30}},{"start":{"line":108,"column":34},"end":{"line":108,"column":71}}]},"9":{"loc":{"start":{"line":128,"column":4},"end":{"line":147,"column":5}},"type":"if","locations":[{"start":{"line":128,"column":4},"end":{"line":147,"column":5}},{"start":{},"end":{}}]},"10":{"loc":{"start":{"line":165,"column":4},"end":{"line":167,"column":5}},"type":"if","locations":[{"start":{"line":165,"column":4},"end":{"line":167,"column":5}},{"start":{},"end":{}}]},"11":{"loc":{"start":{"line":176,"column":4},"end":{"line":178,"column":5}},"type":"if","locations":[{"start":{"line":176,"column":4},"end":{"line":178,"column":5}},{"start":{},"end":{}}]},"12":{"loc":{"start":{"line":180,"column":4},"end":{"line":182,"column":5}},"type":"if","locations":[{"start":{"line":180,"column":4},"end":{"line":182,"column":5}},{"start":{},"end":{}}]},"13":{"loc":{"start":{"line":184,"column":4},"end":{"line":206,"column":5}},"type":"if","locations":[{"start":{"line":184,"column":4},"end":{"line":206,"column":5}},{"start":{},"end":{}}]},"14":{"loc":{"start":{"line":33,"column":40},"end":{"line":33,"column":66}},"type":"cond-expr","locations":[{"start":{"line":33,"column":50},"end":{"line":33,"column":66}},{"start":{"line":33,"column":50},"end":{"line":33,"column":66}}]},"15":{"loc":{"start":{"line":33,"column":40},"end":{"line":33,"column":50}},"type":"binary-expr","locations":[{"start":{"line":33,"column":40},"end":{"line":33,"column":66}},{"start":{"line":33,"column":40},"end":{"line":33,"column":50}}]},"16":{"loc":{"start":{"line":33,"column":50},"end":{"line":34,"column":null}},"type":"cond-expr","locations":[{"start":{"line":34,"column":51},"end":{"line":34,"column":null}},{"start":{"line":34,"column":51},"end":{"line":34,"column":null}}]},"17":{"loc":{"start":{"line":33,"column":50},"end":{"line":34,"column":51}},"type":"binary-expr","locations":[{"start":{"line":33,"column":50},"end":{"line":34,"column":null}},{"start":{"line":34,"column":37},"end":{"line":34,"column":51}}]},"18":{"loc":{"start":{"line":34,"column":51},"end":{"line":35,"column":null}},"type":"cond-expr","locations":[{"start":{"line":35,"column":48},"end":{"line":35,"column":null}},{"start":{"line":35,"column":48},"end":{"line":35,"column":null}}]},"19":{"loc":{"start":{"line":34,"column":51},"end":{"line":35,"column":48}},"type":"binary-expr","locations":[{"start":{"line":34,"column":51},"end":{"line":35,"column":null}},{"start":{"line":35,"column":32},"end":{"line":35,"column":48}}]},"20":{"loc":{"start":{"line":35,"column":48},"end":{"line":36,"column":null}},"type":"cond-expr","locations":[{"start":{"line":36,"column":47},"end":{"line":36,"column":null}},{"start":{"line":36,"column":47},"end":{"line":36,"column":null}}]},"21":{"loc":{"start":{"line":35,"column":48},"end":{"line":36,"column":47}},"type":"binary-expr","locations":[{"start":{"line":35,"column":48},"end":{"line":36,"column":null}},{"start":{"line":36,"column":35},"end":{"line":36,"column":47}}]}},"s":{"0":2,"1":2,"2":2,"3":2,"4":2,"5":2,"6":2,"7":2,"8":2,"9":2,"10":2,"11":2,"12":16,"13":16,"14":16,"15":16,"16":16,"17":22,"18":22,"19":2,"20":20,"21":2,"22":18,"23":18,"24":3,"25":15,"26":15,"27":26,"28":26,"29":2,"30":24,"31":1,"32":1,"33":1,"34":1,"35":12,"36":12,"37":2,"38":10,"39":10,"40":10,"41":1,"42":9,"43":9,"44":9,"45":2,"46":2,"47":2,"48":2,"49":7,"50":7,"51":7,"52":7,"53":5,"54":5,"55":2,"56":3,"57":3,"58":7,"59":7,"60":2,"61":5,"62":1,"63":4,"64":2,"65":2,"66":2,"67":4,"68":4,"69":2,"70":2},"f":{"0":16,"1":22,"2":26,"3":1,"4":12,"5":5,"6":7},"b":{"0":[2,20],"1":[2,18],"2":[3,15],"3":[2,24],"4":[1,0],"5":[2,10],"6":[9,1],"7":[1,9],"8":[10,9],"9":[2,7],"10":[2,3],"11":[2,5],"12":[1,4],"13":[2,2],"14":[2,0],"15":[2,2],"16":[2,0],"17":[2,2],"18":[2,0],"19":[2,2],"20":[2,0],"21":[2,2]}}
}
