TN:
SF:src\app.controller.ts
FN:5,(anonymous_2)
FNF:1
FNH:1
FNDA:1,(anonymous_2)
DA:1,1
DA:3,1
DA:5,1
DA:6,1
LF:4
LH:4
BRF:0
BRH:0
end_of_record
TN:
SF:src\audit\audit.controller.ts
FN:6,(anonymous_4)
FN:9,(anonymous_5)
FNF:2
FNH:2
FNDA:1,(anonymous_4)
FNDA:3,(anonymous_5)
DA:1,1
DA:2,1
DA:5,1
DA:6,1
DA:9,1
DA:14,3
DA:15,3
DA:16,3
LF:8
LH:8
BRDA:14,0,0,1
BRDA:14,0,1,2
BRDA:15,1,0,1
BRDA:15,1,1,2
BRDA:6,2,0,1
BRDA:6,2,1,0
BRDA:6,3,0,1
BRDA:6,3,1,1
BRF:8
BRH:7
end_of_record
TN:
SF:src\audit\audit.entity.ts
FN:3,(anonymous_2)
FN:10,(anonymous_3)
FNF:2
FNH:2
FNDA:3,(anonymous_2)
FNDA:3,(anonymous_3)
DA:1,3
DA:3,3
DA:4,3
DA:5,3
DA:6,3
DA:7,3
DA:10,3
DA:11,3
DA:12,3
DA:16,3
DA:18,3
DA:21,3
DA:24,3
DA:27,3
DA:30,3
DA:33,3
DA:36,3
DA:39,3
LF:18
LH:18
BRDA:3,0,0,3
BRDA:3,0,1,3
BRDA:10,1,0,3
BRDA:10,1,1,3
BRDA:39,2,0,3
BRDA:39,2,1,0
BRDA:39,3,0,3
BRDA:39,3,1,3
BRF:8
BRH:7
end_of_record
TN:
SF:src\audit\audit.service.ts
FN:17,(anonymous_4)
FN:22,(anonymous_5)
FN:34,(anonymous_6)
FNF:3
FNH:3
FNDA:1,(anonymous_4)
FNDA:35,(anonymous_5)
FNDA:3,(anonymous_6)
DA:1,3
DA:2,3
DA:3,3
DA:4,3
DA:16,3
DA:19,1
DA:23,35
DA:31,35
DA:35,3
DA:37,3
DA:38,2
DA:40,3
DA:41,1
DA:43,3
DA:44,1
DA:47,3
LF:16
LH:16
BRDA:28,0,0,33
BRDA:28,0,1,2
BRDA:37,1,0,2
BRDA:37,1,1,1
BRDA:40,2,0,1
BRDA:40,2,1,2
BRDA:43,3,0,1
BRDA:43,3,1,2
BRDA:19,4,0,3
BRDA:19,4,1,0
BRDA:19,5,0,3
BRDA:19,5,1,3
BRF:12
BRH:11
end_of_record
TN:
SF:src\balance\balance.controller.ts
FN:6,(anonymous_4)
FN:9,(anonymous_5)
FN:14,(anonymous_6)
FNF:3
FNH:2
FNDA:1,(anonymous_4)
FNDA:0,(anonymous_5)
FNDA:11,(anonymous_6)
DA:1,1
DA:2,1
DA:5,1
DA:6,1
DA:9,1
DA:10,0
DA:14,1
DA:19,11
LF:8
LH:7
BRDA:6,0,0,1
BRDA:6,0,1,0
BRDA:6,1,0,1
BRDA:6,1,1,1
BRF:4
BRH:3
end_of_record
TN:
SF:src\balance\balance.entity.ts
FNF:0
FNH:0
DA:1,3
DA:5,3
DA:7,3
DA:10,3
DA:13,3
DA:16,3
DA:19,3
DA:22,3
DA:25,3
LF:9
LH:9
BRF:0
BRH:0
end_of_record
TN:
SF:src\balance\balance.service.ts
FN:13,(anonymous_4)
FN:20,(anonymous_5)
FN:25,(anonymous_6)
FN:36,(anonymous_7)
FN:50,(anonymous_8)
FN:51,(anonymous_9)
FN:72,(anonymous_10)
FN:86,(anonymous_11)
FN:87,(anonymous_12)
FN:108,(anonymous_13)
FN:118,(anonymous_14)
FN:142,(anonymous_15)
FN:145,(anonymous_16)
FNF:13
FNH:10
FNDA:1,(anonymous_4)
FNDA:0,(anonymous_5)
FNDA:27,(anonymous_6)
FNDA:6,(anonymous_7)
FNDA:6,(anonymous_8)
FNDA:6,(anonymous_9)
FNDA:2,(anonymous_10)
FNDA:2,(anonymous_11)
FNDA:2,(anonymous_12)
FNDA:25,(anonymous_13)
FNDA:27,(anonymous_14)
FNDA:0,(anonymous_15)
FNDA:0,(anonymous_16)
DA:1,3
DA:2,3
DA:3,3
DA:4,3
DA:5,3
DA:6,3
DA:7,3
DA:10,3
DA:11,1
DA:15,1
DA:16,1
DA:17,1
DA:21,0
DA:22,0
DA:26,27
DA:27,27
DA:30,27
DA:31,0
DA:33,27
DA:37,6
DA:41,6
DA:42,0
DA:45,6
DA:46,6
DA:50,6
DA:51,6
DA:60,6
DA:61,0
DA:62,0
DA:65,6
DA:66,6
DA:67,0
DA:69,6
DA:73,2
DA:77,2
DA:78,0
DA:81,2
DA:82,2
DA:86,2
DA:87,2
DA:96,2
DA:97,0
DA:98,0
DA:101,2
DA:102,2
DA:103,0
DA:105,2
DA:109,25
DA:119,27
DA:121,27
DA:122,2
DA:129,2
DA:132,25
DA:133,25
DA:143,0
DA:144,0
DA:146,0
LF:57
LH:43
BRDA:30,0,0,0
BRDA:30,0,1,27
BRDA:41,1,0,0
BRDA:41,1,1,6
BRDA:60,2,0,0
BRDA:60,2,1,6
BRDA:66,3,0,0
BRDA:66,3,1,6
BRDA:77,4,0,0
BRDA:77,4,1,2
BRDA:96,5,0,0
BRDA:96,5,1,2
BRDA:102,6,0,0
BRDA:102,6,1,2
BRDA:121,7,0,2
BRDA:121,7,1,25
BRDA:15,8,0,3
BRDA:15,8,1,0
BRDA:15,9,0,3
BRDA:15,9,1,3
BRDA:15,10,0,3
BRDA:15,10,1,0
BRDA:15,11,0,3
BRDA:15,11,1,3
BRDA:16,12,0,3
BRDA:16,12,1,0
BRDA:16,13,0,3
BRDA:16,13,1,3
BRF:28
BRH:18
end_of_record
TN:
SF:src\common\enums\hcm-sync-status.enum.ts
FN:1,(anonymous_0)
FNF:1
FNH:1
FNDA:3,(anonymous_0)
DA:1,3
DA:2,3
DA:3,3
DA:4,3
DA:5,3
LF:5
LH:5
BRDA:1,0,0,3
BRDA:1,0,1,3
BRF:2
BRH:2
end_of_record
TN:
SF:src\common\enums\request-status.enum.ts
FN:1,(anonymous_0)
FNF:1
FNH:1
FNDA:3,(anonymous_0)
DA:1,3
DA:2,3
DA:3,3
DA:4,3
DA:5,3
LF:5
LH:5
BRDA:1,0,0,3
BRDA:1,0,1,3
BRF:2
BRH:2
end_of_record
TN:
SF:src\hcm-client\hcm-client.service.ts
FN:23,(anonymous_2)
FN:25,(anonymous_3)
FN:29,(anonymous_4)
FN:41,(anonymous_5)
FN:51,(anonymous_6)
FN:61,(anonymous_7)
FNF:6
FNH:6
FNDA:9,(anonymous_2)
FNDA:7,(anonymous_3)
FNDA:35,(anonymous_4)
FNDA:8,(anonymous_5)
FNDA:3,(anonymous_6)
FNDA:2,(anonymous_7)
DA:1,4
DA:2,4
DA:3,4
DA:20,4
DA:21,9
DA:23,9
DA:26,7
DA:30,35
DA:31,35
DA:34,32
DA:36,3
DA:37,3
DA:42,8
DA:43,8
DA:44,6
DA:46,2
DA:47,2
DA:52,3
DA:53,3
DA:54,2
DA:56,1
DA:57,1
DA:62,2
DA:63,2
DA:66,1
DA:68,1
DA:69,1
LF:27
LH:27
BRDA:26,0,0,7
BRDA:26,0,1,0
BRDA:23,1,0,4
BRDA:23,1,1,0
BRDA:23,2,0,4
BRDA:23,2,1,4
BRF:6
BRH:4
end_of_record
TN:
SF:src\sync\sync.controller.ts
FN:7,(anonymous_4)
FN:11,(anonymous_5)
FN:17,(anonymous_6)
FNF:3
FNH:2
FNDA:1,(anonymous_4)
FNDA:1,(anonymous_5)
FNDA:0,(anonymous_6)
DA:1,1
DA:2,1
DA:6,1
DA:7,1
DA:11,1
DA:12,1
DA:17,1
DA:18,0
LF:8
LH:7
BRDA:7,0,0,1
BRDA:7,0,1,0
BRDA:7,1,0,1
BRDA:7,1,1,1
BRF:4
BRH:3
end_of_record
TN:
SF:src\sync\sync.service.ts
FN:13,(anonymous_4)
FN:21,(anonymous_5)
FN:75,(anonymous_6)
FNF:3
FNH:2
FNDA:1,(anonymous_4)
FNDA:1,(anonymous_5)
FNDA:0,(anonymous_6)
DA:1,1
DA:2,1
DA:3,1
DA:4,1
DA:5,1
DA:6,1
DA:7,1
DA:10,1
DA:11,1
DA:15,1
DA:16,1
DA:17,1
DA:18,1
DA:22,1
DA:23,1
DA:24,1
DA:26,1
DA:27,1
DA:28,2
DA:47,1
DA:49,1
DA:55,1
DA:57,0
DA:59,0
DA:61,0
DA:68,0
DA:69,0
DA:71,1
DA:76,0
DA:77,0
DA:78,0
DA:79,0
DA:81,0
LF:33
LH:23
BRDA:59,0,0,0
BRDA:59,0,1,0
BRDA:77,1,0,0
BRDA:77,1,1,0
BRDA:15,2,0,1
BRDA:15,2,1,0
BRDA:15,3,0,1
BRDA:15,3,1,1
BRDA:15,4,0,1
BRDA:15,4,1,0
BRDA:15,5,0,1
BRDA:15,5,1,1
BRDA:16,6,0,1
BRDA:16,6,1,0
BRDA:16,7,0,1
BRDA:16,7,1,1
BRDA:17,8,0,1
BRDA:17,8,1,0
BRDA:17,9,0,1
BRDA:17,9,1,1
BRF:20
BRH:12
end_of_record
TN:
SF:src\time-off\time-off.controller.ts
FN:7,(anonymous_4)
FN:10,(anonymous_5)
FN:18,(anonymous_6)
FN:23,(anonymous_7)
FN:32,(anonymous_8)
FN:38,(anonymous_9)
FN:44,(anonymous_10)
FNF:7
FNH:7
FNDA:1,(anonymous_4)
FNDA:18,(anonymous_5)
FNDA:1,(anonymous_6)
FNDA:1,(anonymous_7)
FNDA:7,(anonymous_8)
FNDA:3,(anonymous_9)
FNDA:4,(anonymous_10)
DA:1,1
DA:2,1
DA:3,1
DA:6,1
DA:7,1
DA:10,1
DA:14,18
DA:18,1
DA:19,1
DA:23,1
DA:27,1
DA:32,1
DA:33,7
DA:38,1
DA:39,3
DA:44,1
DA:45,4
LF:17
LH:17
BRDA:11,0,0,0
BRDA:11,0,1,1
BRDA:11,1,0,1
BRDA:11,1,1,0
BRDA:25,2,0,0
BRDA:25,2,1,1
BRDA:25,3,0,1
BRDA:25,3,1,1
BRDA:7,4,0,1
BRDA:7,4,1,0
BRDA:7,5,0,1
BRDA:7,5,1,1
BRF:12
BRH:8
end_of_record
TN:
SF:src\time-off\time-off.entity.ts
FNF:0
FNH:0
DA:1,3
DA:2,3
DA:3,3
DA:6,3
DA:8,3
DA:11,3
DA:14,3
DA:17,3
DA:20,3
DA:23,3
DA:26,3
DA:29,3
DA:32,3
DA:35,3
LF:14
LH:14
BRDA:23,0,0,0
BRDA:23,0,1,3
BRDA:23,1,0,3
BRDA:23,1,1,3
BRDA:26,2,0,0
BRDA:26,2,1,3
BRDA:26,3,0,3
BRDA:26,3,1,3
BRDA:32,4,0,3
BRDA:32,4,1,0
BRDA:32,5,0,3
BRDA:32,5,1,3
BRDA:35,6,0,3
BRDA:35,6,1,0
BRDA:35,7,0,3
BRDA:35,7,1,3
BRF:16
BRH:12
end_of_record
TN:
SF:src\time-off\time-off.scheduler.ts
FN:17,(anonymous_4)
FN:26,(anonymous_5)
FNF:2
FNH:2
FNDA:4,(anonymous_4)
FNDA:3,(anonymous_5)
DA:1,2
DA:2,2
DA:3,2
DA:4,2
DA:5,2
DA:6,2
DA:7,2
DA:8,2
DA:9,2
DA:10,2
DA:11,2
DA:14,2
DA:15,4
DA:19,4
DA:20,4
DA:21,4
DA:22,4
DA:26,2
DA:27,3
DA:34,3
DA:36,2
DA:38,2
DA:39,2
DA:40,2
DA:42,2
DA:49,2
DA:50,1
DA:51,1
DA:53,1
DA:61,1
DA:63,1
DA:64,1
DA:66,1
DA:75,1
LF:34
LH:34
BRDA:34,0,0,1
BRDA:34,0,1,2
BRDA:49,1,0,1
BRDA:49,1,1,1
BRDA:26,2,0,2
BRDA:26,2,1,0
BRDA:26,3,0,2
BRDA:26,3,1,2
BRDA:19,4,0,2
BRDA:19,4,1,0
BRDA:19,5,0,2
BRDA:19,5,1,2
BRDA:19,6,0,2
BRDA:19,6,1,0
BRDA:19,7,0,2
BRDA:19,7,1,2
BRDA:20,8,0,2
BRDA:20,8,1,0
BRDA:20,9,0,2
BRDA:20,9,1,2
BRDA:21,10,0,2
BRDA:21,10,1,0
BRDA:21,11,0,2
BRDA:21,11,1,2
BRF:24
BRH:19
end_of_record
TN:
SF:src\time-off\time-off.service.ts
FN:31,(anonymous_4)
FN:39,(anonymous_5)
FN:77,(anonymous_6)
FN:85,(anonymous_7)
FN:93,(anonymous_8)
FN:162,(anonymous_9)
FN:173,(anonymous_10)
FNF:7
FNH:7
FNDA:16,(anonymous_4)
FNDA:22,(anonymous_5)
FNDA:26,(anonymous_6)
FNDA:1,(anonymous_7)
FNDA:12,(anonymous_8)
FNDA:5,(anonymous_9)
FNDA:7,(anonymous_10)
DA:1,2
DA:8,2
DA:9,2
DA:10,2
DA:11,2
DA:12,2
DA:13,2
DA:14,2
DA:15,2
DA:16,2
DA:17,2
DA:28,2
DA:29,16
DA:33,16
DA:34,16
DA:35,16
DA:36,16
DA:40,22
DA:43,22
DA:44,2
DA:47,20
DA:48,2
DA:51,18
DA:57,18
DA:58,3
DA:63,15
DA:74,15
DA:78,26
DA:79,26
DA:80,2
DA:82,24
DA:86,1
DA:87,1
DA:88,1
DA:90,1
DA:94,12
DA:96,12
DA:97,2
DA:100,10
DA:106,10
DA:108,10
DA:109,1
DA:114,9
DA:121,9
DA:128,9
DA:129,2
DA:136,2
DA:145,2
DA:146,2
DA:149,7
DA:157,7
DA:158,7
DA:159,7
DA:163,5
DA:165,5
DA:166,2
DA:169,3
DA:170,3
DA:174,7
DA:176,7
DA:177,2
DA:180,5
DA:181,1
DA:184,4
DA:185,2
DA:192,2
DA:199,2
DA:208,4
DA:209,4
LF:69
LH:69
BRDA:43,0,0,2
BRDA:43,0,1,20
BRDA:47,1,0,2
BRDA:47,1,1,18
BRDA:57,2,0,3
BRDA:57,2,1,15
BRDA:79,3,0,2
BRDA:79,3,1,24
BRDA:87,4,0,1
BRDA:87,4,1,0
BRDA:96,5,0,2
BRDA:96,5,1,10
BRDA:106,6,0,9
BRDA:106,6,1,1
BRDA:108,7,0,1
BRDA:108,7,1,9
BRDA:108,8,0,10
BRDA:108,8,1,9
BRDA:128,9,0,2
BRDA:128,9,1,7
BRDA:165,10,0,2
BRDA:165,10,1,3
BRDA:176,11,0,2
BRDA:176,11,1,5
BRDA:180,12,0,1
BRDA:180,12,1,4
BRDA:184,13,0,2
BRDA:184,13,1,2
BRDA:33,14,0,2
BRDA:33,14,1,0
BRDA:33,15,0,2
BRDA:33,15,1,2
BRDA:33,16,0,2
BRDA:33,16,1,0
BRDA:33,17,0,2
BRDA:33,17,1,2
BRDA:34,18,0,2
BRDA:34,18,1,0
BRDA:34,19,0,2
BRDA:34,19,1,2
BRDA:35,20,0,2
BRDA:35,20,1,0
BRDA:35,21,0,2
BRDA:35,21,1,2
BRF:44
BRH:39
end_of_record
