TN:
SF:src\app.controller.ts
FN:6,(anonymous_2)
FN:9,(anonymous_3)
FNF:2
FNH:2
FNDA:1,(anonymous_2)
FNDA:1,(anonymous_3)
DA:1,1
DA:2,1
DA:5,1
DA:6,1
DA:9,1
DA:10,1
LF:6
LH:6
BRDA:6,0,0,1
BRDA:6,0,1,0
BRDA:6,1,0,1
BRDA:6,1,1,1
BRF:4
BRH:3
end_of_record
TN:
SF:src\app.service.ts
FN:5,(anonymous_1)
FNF:1
FNH:1
FNDA:1,(anonymous_1)
DA:1,1
DA:4,1
DA:6,1
LF:3
LH:3
BRF:0
BRH:0
end_of_record
TN:
SF:src\audit\audit.controller.ts
FN:6,(anonymous_4)
FN:9,(anonymous_5)
FNF:2
FNH:2
FNDA:1,(anonymous_4)
FNDA:1,(anonymous_5)
DA:1,1
DA:2,1
DA:5,1
DA:6,1
DA:9,1
DA:14,1
DA:15,1
DA:16,1
LF:8
LH:8
BRDA:14,0,0,0
BRDA:14,0,1,1
BRDA:15,1,0,0
BRDA:15,1,1,1
BRDA:6,2,0,1
BRDA:6,2,1,0
BRDA:6,3,0,1
BRDA:6,3,1,1
BRF:8
BRH:5
end_of_record
TN:
SF:src\audit\audit.entity.ts
FN:3,(anonymous_2)
FN:10,(anonymous_3)
FNF:2
FNH:2
FNDA:2,(anonymous_2)
FNDA:2,(anonymous_3)
DA:1,2
DA:3,2
DA:4,2
DA:5,2
DA:6,2
DA:7,2
DA:10,2
DA:11,2
DA:12,2
DA:16,2
DA:18,2
DA:21,2
DA:24,2
DA:27,2
DA:30,2
DA:33,2
DA:36,2
DA:39,2
LF:18
LH:18
BRDA:3,0,0,2
BRDA:3,0,1,2
BRDA:10,1,0,2
BRDA:10,1,1,2
BRDA:39,2,0,2
BRDA:39,2,1,0
BRDA:39,3,0,2
BRDA:39,3,1,2
BRF:8
BRH:7
end_of_record
TN:
SF:src\audit\audit.service.ts
FN:17,(anonymous_4)
FN:22,(anonymous_5)
FN:34,(anonymous_6)
FNF:3
FNH:3
FNDA:1,(anonymous_4)
FNDA:28,(anonymous_5)
FNDA:1,(anonymous_6)
DA:1,2
DA:2,2
DA:3,2
DA:4,2
DA:16,2
DA:19,1
DA:23,28
DA:31,28
DA:35,1
DA:37,1
DA:38,1
DA:40,1
DA:41,0
DA:43,1
DA:44,0
DA:47,1
LF:16
LH:14
BRDA:28,0,0,26
BRDA:28,0,1,2
BRDA:37,1,0,1
BRDA:37,1,1,0
BRDA:40,2,0,0
BRDA:40,2,1,1
BRDA:43,3,0,0
BRDA:43,3,1,1
BRDA:19,4,0,2
BRDA:19,4,1,0
BRDA:19,5,0,2
BRDA:19,5,1,2
BRF:12
BRH:8
end_of_record
TN:
SF:src\balance\balance.controller.ts
FN:6,(anonymous_4)
FN:9,(anonymous_5)
FN:14,(anonymous_6)
FNF:3
FNH:2
FNDA:1,(anonymous_4)
FNDA:0,(anonymous_5)
FNDA:10,(anonymous_6)
DA:1,1
DA:2,1
DA:5,1
DA:6,1
DA:9,1
DA:10,0
DA:14,1
DA:19,10
LF:8
LH:7
BRDA:6,0,0,1
BRDA:6,0,1,0
BRDA:6,1,0,1
BRDA:6,1,1,1
BRF:4
BRH:3
end_of_record
TN:
SF:src\balance\balance.entity.ts
FNF:0
FNH:0
DA:1,2
DA:5,2
DA:7,2
DA:10,2
DA:13,2
DA:16,2
DA:19,2
DA:22,2
DA:25,2
LF:9
LH:9
BRF:0
BRH:0
end_of_record
TN:
SF:src\balance\balance.service.ts
FN:13,(anonymous_4)
FN:20,(anonymous_5)
FN:25,(anonymous_6)
FN:36,(anonymous_7)
FN:50,(anonymous_8)
FN:51,(anonymous_9)
FN:72,(anonymous_10)
FN:86,(anonymous_11)
FN:87,(anonymous_12)
FN:108,(anonymous_13)
FN:118,(anonymous_14)
FN:142,(anonymous_15)
FNF:12
FNH:10
FNDA:1,(anonymous_4)
FNDA:0,(anonymous_5)
FNDA:21,(anonymous_6)
FNDA:5,(anonymous_7)
FNDA:5,(anonymous_8)
FNDA:5,(anonymous_9)
FNDA:2,(anonymous_10)
FNDA:2,(anonymous_11)
FNDA:2,(anonymous_12)
FNDA:19,(anonymous_13)
FNDA:21,(anonymous_14)
FNDA:0,(anonymous_15)
DA:1,2
DA:2,2
DA:3,2
DA:4,2
DA:5,2
DA:6,2
DA:7,2
DA:10,2
DA:11,1
DA:15,1
DA:16,1
DA:17,1
DA:21,0
DA:22,0
DA:26,21
DA:27,21
DA:30,21
DA:31,0
DA:33,21
DA:37,5
DA:41,5
DA:42,0
DA:45,5
DA:46,5
DA:50,5
DA:51,5
DA:60,5
DA:61,0
DA:62,0
DA:65,5
DA:66,5
DA:67,0
DA:69,5
DA:73,2
DA:77,2
DA:78,0
DA:81,2
DA:82,2
DA:86,2
DA:87,2
DA:96,2
DA:97,0
DA:98,0
DA:101,2
DA:102,2
DA:103,0
DA:105,2
DA:109,19
DA:119,21
DA:121,21
DA:122,2
DA:129,2
DA:132,19
DA:133,19
DA:143,0
DA:144,0
DA:145,0
LF:57
LH:43
BRDA:30,0,0,0
BRDA:30,0,1,21
BRDA:41,1,0,0
BRDA:41,1,1,5
BRDA:60,2,0,0
BRDA:60,2,1,5
BRDA:66,3,0,0
BRDA:66,3,1,5
BRDA:77,4,0,0
BRDA:77,4,1,2
BRDA:96,5,0,0
BRDA:96,5,1,2
BRDA:102,6,0,0
BRDA:102,6,1,2
BRDA:121,7,0,2
BRDA:121,7,1,19
BRDA:15,8,0,2
BRDA:15,8,1,0
BRDA:15,9,0,2
BRDA:15,9,1,2
BRDA:15,10,0,2
BRDA:15,10,1,0
BRDA:15,11,0,2
BRDA:15,11,1,2
BRDA:16,12,0,2
BRDA:16,12,1,0
BRDA:16,13,0,2
BRDA:16,13,1,2
BRF:28
BRH:18
end_of_record
TN:
SF:src\common\enums\hcm-sync-status.enum.ts
FN:1,(anonymous_0)
FNF:1
FNH:1
FNDA:2,(anonymous_0)
DA:1,2
DA:2,2
DA:3,2
DA:4,2
DA:5,2
LF:5
LH:5
BRDA:1,0,0,2
BRDA:1,0,1,2
BRF:2
BRH:2
end_of_record
TN:
SF:src\common\enums\request-status.enum.ts
FN:1,(anonymous_0)
FNF:1
FNH:1
FNDA:2,(anonymous_0)
DA:1,2
DA:2,2
DA:3,2
DA:4,2
DA:5,2
LF:5
LH:5
BRDA:1,0,0,2
BRDA:1,0,1,2
BRF:2
BRH:2
end_of_record
TN:
SF:src\hcm-client\hcm-client.service.ts
FN:23,(anonymous_2)
FN:25,(anonymous_3)
FN:37,(anonymous_4)
FN:49,(anonymous_5)
FN:61,(anonymous_6)
FNF:5
FNH:4
FNDA:1,(anonymous_2)
FNDA:26,(anonymous_3)
FNDA:5,(anonymous_4)
FNDA:1,(anonymous_5)
FNDA:0,(anonymous_6)
DA:1,2
DA:2,2
DA:3,2
DA:20,2
DA:21,1
DA:23,1
DA:26,26
DA:27,26
DA:30,24
DA:32,2
DA:33,2
DA:38,5
DA:39,5
DA:42,4
DA:44,1
DA:45,1
DA:50,1
DA:51,1
DA:54,1
DA:56,0
DA:57,0
DA:62,0
DA:63,0
DA:66,0
DA:68,0
DA:69,0
LF:26
LH:19
BRDA:23,0,0,2
BRDA:23,0,1,0
BRDA:23,1,0,2
BRDA:23,1,1,2
BRF:4
BRH:3
end_of_record
TN:
SF:src\sync\sync.controller.ts
FN:7,(anonymous_4)
FN:11,(anonymous_5)
FN:17,(anonymous_6)
FNF:3
FNH:2
FNDA:1,(anonymous_4)
FNDA:1,(anonymous_5)
FNDA:0,(anonymous_6)
DA:1,1
DA:2,1
DA:6,1
DA:7,1
DA:11,1
DA:12,1
DA:17,1
DA:18,0
LF:8
LH:7
BRDA:7,0,0,1
BRDA:7,0,1,0
BRDA:7,1,0,1
BRDA:7,1,1,1
BRF:4
BRH:3
end_of_record
TN:
SF:src\sync\sync.service.ts
FN:13,(anonymous_4)
FN:21,(anonymous_5)
FN:73,(anonymous_6)
FNF:3
FNH:2
FNDA:1,(anonymous_4)
FNDA:1,(anonymous_5)
FNDA:0,(anonymous_6)
DA:1,1
DA:2,1
DA:3,1
DA:4,1
DA:5,1
DA:6,1
DA:7,1
DA:10,1
DA:11,1
DA:15,1
DA:16,1
DA:17,1
DA:18,1
DA:22,1
DA:23,1
DA:24,1
DA:26,1
DA:27,1
DA:28,2
DA:47,1
DA:49,1
DA:55,1
DA:57,0
DA:59,0
DA:66,0
DA:67,0
DA:69,1
DA:74,0
DA:75,0
DA:76,0
DA:77,0
DA:79,0
LF:32
LH:23
BRDA:75,0,0,0
BRDA:75,0,1,0
BRDA:15,1,0,1
BRDA:15,1,1,0
BRDA:15,2,0,1
BRDA:15,2,1,1
BRDA:15,3,0,1
BRDA:15,3,1,0
BRDA:15,4,0,1
BRDA:15,4,1,1
BRDA:16,5,0,1
BRDA:16,5,1,0
BRDA:16,6,0,1
BRDA:16,6,1,1
BRDA:17,7,0,1
BRDA:17,7,1,0
BRDA:17,8,0,1
BRDA:17,8,1,1
BRF:18
BRH:12
end_of_record
TN:
SF:src\time-off\time-off.controller.ts
FN:7,(anonymous_4)
FN:10,(anonymous_5)
FN:18,(anonymous_6)
FN:23,(anonymous_7)
FN:32,(anonymous_8)
FN:38,(anonymous_9)
FN:44,(anonymous_10)
FNF:7
FNH:4
FNDA:1,(anonymous_4)
FNDA:13,(anonymous_5)
FNDA:0,(anonymous_6)
FNDA:0,(anonymous_7)
FNDA:6,(anonymous_8)
FNDA:0,(anonymous_9)
FNDA:4,(anonymous_10)
DA:1,1
DA:2,1
DA:3,1
DA:6,1
DA:7,1
DA:10,1
DA:14,13
DA:18,1
DA:19,0
DA:23,1
DA:27,0
DA:32,1
DA:33,6
DA:38,1
DA:39,0
DA:44,1
DA:45,4
LF:17
LH:14
BRDA:11,0,0,0
BRDA:11,0,1,1
BRDA:11,1,0,1
BRDA:11,1,1,0
BRDA:25,2,0,0
BRDA:25,2,1,1
BRDA:25,3,0,1
BRDA:25,3,1,1
BRDA:7,4,0,1
BRDA:7,4,1,0
BRDA:7,5,0,1
BRDA:7,5,1,1
BRF:12
BRH:8
end_of_record
TN:
SF:src\time-off\time-off.entity.ts
FNF:0
FNH:0
DA:1,2
DA:3,2
DA:4,2
DA:7,2
DA:9,2
DA:12,2
DA:15,2
DA:18,2
DA:21,2
DA:24,2
DA:27,2
DA:30,2
DA:33,2
DA:36,2
LF:14
LH:14
BRDA:24,0,0,0
BRDA:24,0,1,2
BRDA:24,1,0,2
BRDA:24,1,1,2
BRDA:27,2,0,0
BRDA:27,2,1,2
BRDA:27,3,0,2
BRDA:27,3,1,2
BRDA:33,4,0,2
BRDA:33,4,1,0
BRDA:33,5,0,2
BRDA:33,5,1,2
BRDA:36,6,0,2
BRDA:36,6,1,0
BRDA:36,7,0,2
BRDA:36,7,1,2
BRF:16
BRH:12
end_of_record
TN:
SF:src\time-off\time-off.service.ts
FN:31,(anonymous_4)
FN:39,(anonymous_5)
FN:77,(anonymous_6)
FN:85,(anonymous_7)
FN:93,(anonymous_8)
FN:162,(anonymous_9)
FN:173,(anonymous_10)
FNF:7
FNH:6
FNDA:16,(anonymous_4)
FNDA:17,(anonymous_5)
FNDA:21,(anonymous_6)
FNDA:0,(anonymous_7)
FNDA:11,(anonymous_8)
FNDA:2,(anonymous_9)
FNDA:7,(anonymous_10)
DA:1,2
DA:8,2
DA:9,2
DA:10,2
DA:11,2
DA:12,2
DA:13,2
DA:14,2
DA:15,2
DA:16,2
DA:17,2
DA:28,2
DA:29,16
DA:33,16
DA:34,16
DA:35,16
DA:36,16
DA:40,17
DA:43,17
DA:44,2
DA:47,15
DA:48,2
DA:51,13
DA:57,13
DA:58,3
DA:63,10
DA:74,10
DA:78,21
DA:79,21
DA:80,1
DA:82,20
DA:86,0
DA:87,0
DA:88,0
DA:90,0
DA:94,11
DA:96,11
DA:97,2
DA:100,9
DA:106,9
DA:108,9
DA:109,1
DA:114,8
DA:121,8
DA:128,8
DA:129,2
DA:136,2
DA:145,2
DA:146,2
DA:149,6
DA:157,6
DA:158,6
DA:159,6
DA:163,2
DA:165,2
DA:166,1
DA:169,1
DA:170,1
DA:174,7
DA:176,7
DA:177,2
DA:180,5
DA:181,1
DA:184,4
DA:185,2
DA:192,2
DA:199,2
DA:208,4
DA:209,4
LF:69
LH:65
BRDA:43,0,0,2
BRDA:43,0,1,15
BRDA:47,1,0,2
BRDA:47,1,1,13
BRDA:57,2,0,3
BRDA:57,2,1,10
BRDA:79,3,0,1
BRDA:79,3,1,20
BRDA:87,4,0,0
BRDA:87,4,1,0
BRDA:96,5,0,2
BRDA:96,5,1,9
BRDA:106,6,0,8
BRDA:106,6,1,1
BRDA:108,7,0,1
BRDA:108,7,1,8
BRDA:108,8,0,9
BRDA:108,8,1,8
BRDA:128,9,0,2
BRDA:128,9,1,6
BRDA:165,10,0,1
BRDA:165,10,1,1
BRDA:176,11,0,2
BRDA:176,11,1,5
BRDA:180,12,0,1
BRDA:180,12,1,4
BRDA:184,13,0,2
BRDA:184,13,1,2
BRDA:33,14,0,2
BRDA:33,14,1,0
BRDA:33,15,0,2
BRDA:33,15,1,2
BRDA:33,16,0,2
BRDA:33,16,1,0
BRDA:33,17,0,2
BRDA:33,17,1,2
BRDA:34,18,0,2
BRDA:34,18,1,0
BRDA:34,19,0,2
BRDA:34,19,1,2
BRDA:35,20,0,2
BRDA:35,20,1,0
BRDA:35,21,0,2
BRDA:35,21,1,2
BRF:44
BRH:38
end_of_record
